This file contains any messages produced by compilers while
running configure, to aid debugging if configure makes a mistake.

It was created by gsl configure 1.16, which was
generated by GNU Autoconf 2.69.  Invocation command line was

  $ ./configure CC=x86_64-pc-ebbrt-gcc --host=x86_64-pc-ebbrt --enable-static --disable-shared --disable-dependency-tracking

## --------- ##
## Platform. ##
## --------- ##

hostname = don
uname -m = x86_64
uname -r = 3.16-2-amd64
uname -s = Linux
uname -v = #1 SMP Debian 3.16.3-2 (2014-09-20)

/usr/bin/uname -p = unknown
/bin/uname -X     = unknown

/bin/arch              = unknown
/usr/bin/arch -k       = unknown
/usr/convex/getsysinfo = unknown
/usr/bin/hostinfo      = unknown
/bin/machine           = unknown
/usr/bin/oslevel       = unknown
/bin/universe          = unknown

PATH: /home/handong/github/EbbRT/baremetal/ext/toolchain/bin
PATH: /home/handong/irtk/build/bin
PATH: /home/handong/anaconda2.1/bin
PATH: /usr/local/bin
PATH: /usr/bin
PATH: /bin
PATH: /usr/local/games
PATH: /usr/games


## ----------- ##
## Core tests. ##
## ----------- ##

configure:2379: checking for a BSD-compatible install
configure:2447: result: /usr/bin/install -c
configure:2458: checking whether build environment is sane
configure:2513: result: yes
configure:2572: checking for x86_64-pc-ebbrt-strip
configure:2588: found /home/handong/github/EbbRT/baremetal/ext/toolchain/bin/x86_64-pc-ebbrt-strip
configure:2599: result: x86_64-pc-ebbrt-strip
configure:2664: checking for a thread-safe mkdir -p
configure:2703: result: /bin/mkdir -p
configure:2710: checking for gawk
configure:2740: result: no
configure:2710: checking for mawk
configure:2726: found /usr/bin/mawk
configure:2737: result: mawk
configure:2748: checking whether make sets $(MAKE)
configure:2770: result: yes
configure:2799: checking whether make supports nested variables
configure:2816: result: yes
configure:2903: checking whether to enable maintainer-specific portions of Makefiles
configure:2912: result: no
configure:2950: checking for a sed that does not truncate output
configure:3014: result: /bin/sed
configure:3024: checking whether make sets $(MAKE)
configure:3046: result: yes
configure:3060: checking build system type
configure:3074: result: x86_64-unknown-linux-gnu
configure:3094: checking host system type
configure:3107: result: x86_64-pc-ebbrt
configure:3142: checking for x86_64-pc-ebbrt-gcc
configure:3169: result: x86_64-pc-ebbrt-gcc
configure:3438: checking for C compiler version
configure:3447: x86_64-pc-ebbrt-gcc --version >&5
x86_64-pc-ebbrt-gcc (GCC) 4.8.2
Copyright (C) 2013 Free Software Foundation, Inc.
This is free software; see the source for copying conditions.  There is NO
warranty; not even for MERCHANTABILITY or FITNESS FOR A PARTICULAR PURPOSE.

configure:3458: $? = 0
configure:3447: x86_64-pc-ebbrt-gcc -v >&5
Using built-in specs.
COLLECT_GCC=x86_64-pc-ebbrt-gcc
COLLECT_LTO_WRAPPER=/home/handong/github/EbbRT/baremetal/ext/toolchain/bin/../libexec/gcc/x86_64-pc-ebbrt/4.8.2/lto-wrapper
Target: x86_64-pc-ebbrt
Configured with: ../gcc-4.8.2/configure --target=x86_64-pc-ebbrt --prefix=/home/dschatz/Work/SESA/EbbRT/ext/toolchain/ --enable-languages=c,c++ --disable-libssp --without-headers --disable-nls --with-newlib --enable-threads=ebbrt
Thread model: ebbrt
gcc version 4.8.2 (GCC) 
configure:3458: $? = 0
configure:3447: x86_64-pc-ebbrt-gcc -V >&5
x86_64-pc-ebbrt-gcc: error: unrecognized command line option '-V'
x86_64-pc-ebbrt-gcc: fatal error: no input files
compilation terminated.
configure:3458: $? = 1
configure:3447: x86_64-pc-ebbrt-gcc -qversion >&5
x86_64-pc-ebbrt-gcc: error: unrecognized command line option '-qversion'
x86_64-pc-ebbrt-gcc: fatal error: no input files
compilation terminated.
configure:3458: $? = 1
configure:3478: checking whether the C compiler works
configure:3500: x86_64-pc-ebbrt-gcc    conftest.c  >&5
configure:3504: $? = 0
configure:3552: result: yes
configure:3555: checking for C compiler default output file name
configure:3557: result: a.out
configure:3563: checking for suffix of executables
configure:3570: x86_64-pc-ebbrt-gcc -o conftest    conftest.c  >&5
configure:3574: $? = 0
configure:3596: result: 
configure:3618: checking whether we are cross compiling
configure:3626: x86_64-pc-ebbrt-gcc -o conftest    conftest.c  >&5
/home/handong/github/EbbRT/baremetal/ext/toolchain/bin/../lib/gcc/x86_64-pc-ebbrt/4.8.2/../../../../x86_64-pc-ebbrt/lib/libc.a(lib_a-fclose.o): In function `_fclose_r':
/home/dschatz/Work/SESA/toolchain/build-newlib/x86_64-pc-ebbrt/newlib/libc/stdio/../../../../../newlib-2.0.0/newlib/libc/stdio/fclose.c:109: undefined reference to `ebbrt_newlib_lock_release_recursive'
/home/dschatz/Work/SESA/toolchain/build-newlib/x86_64-pc-ebbrt/newlib/libc/stdio/../../../../../newlib-2.0.0/newlib/libc/stdio/fclose.c:111: undefined reference to `ebbrt_newlib_lock_close_recursive'
/home/dschatz/Work/SESA/toolchain/build-newlib/x86_64-pc-ebbrt/newlib/libc/stdio/../../../../../newlib-2.0.0/newlib/libc/stdio/fclose.c:85: undefined reference to `ebbrt_newlib_lock_acquire_recursive'
/home/dschatz/Work/SESA/toolchain/build-newlib/x86_64-pc-ebbrt/newlib/libc/stdio/../../../../../newlib-2.0.0/newlib/libc/stdio/fclose.c:89: undefined reference to `ebbrt_newlib_lock_release_recursive'
/home/handong/github/EbbRT/baremetal/ext/toolchain/bin/../lib/gcc/x86_64-pc-ebbrt/4.8.2/../../../../x86_64-pc-ebbrt/lib/libc.a(lib_a-fflush.o): In function `_fflush_r':
/home/dschatz/Work/SESA/toolchain/build-newlib/x86_64-pc-ebbrt/newlib/libc/stdio/../../../../../newlib-2.0.0/newlib/libc/stdio/fflush.c:231: undefined reference to `ebbrt_newlib_lock_release_recursive'
/home/dschatz/Work/SESA/toolchain/build-newlib/x86_64-pc-ebbrt/newlib/libc/stdio/../../../../../newlib-2.0.0/newlib/libc/stdio/fflush.c:229: undefined reference to `ebbrt_newlib_lock_acquire_recursive'
/home/handong/github/EbbRT/baremetal/ext/toolchain/bin/../lib/gcc/x86_64-pc-ebbrt/4.8.2/../../../../x86_64-pc-ebbrt/lib/libc.a(lib_a-findfp.o): In function `__fp_lock':
/home/dschatz/Work/SESA/toolchain/build-newlib/x86_64-pc-ebbrt/newlib/libc/stdio/../../../../../newlib-2.0.0/newlib/libc/stdio/findfp.c:270: undefined reference to `ebbrt_newlib_lock_acquire_recursive'
/home/handong/github/EbbRT/baremetal/ext/toolchain/bin/../lib/gcc/x86_64-pc-ebbrt/4.8.2/../../../../x86_64-pc-ebbrt/lib/libc.a(lib_a-findfp.o): In function `__fp_unlock':
/home/dschatz/Work/SESA/toolchain/build-newlib/x86_64-pc-ebbrt/newlib/libc/stdio/../../../../../newlib-2.0.0/newlib/libc/stdio/findfp.c:280: undefined reference to `ebbrt_newlib_lock_release_recursive'
/home/handong/github/EbbRT/baremetal/ext/toolchain/bin/../lib/gcc/x86_64-pc-ebbrt/4.8.2/../../../../x86_64-pc-ebbrt/lib/libc.a(lib_a-findfp.o): In function `__sinit_lock_acquire':
/home/dschatz/Work/SESA/toolchain/build-newlib/x86_64-pc-ebbrt/newlib/libc/stdio/../../../../../newlib-2.0.0/newlib/libc/stdio/findfp.c:256: undefined reference to `ebbrt_newlib_lock_acquire_recursive'
/home/handong/github/EbbRT/baremetal/ext/toolchain/bin/../lib/gcc/x86_64-pc-ebbrt/4.8.2/../../../../x86_64-pc-ebbrt/lib/libc.a(lib_a-findfp.o): In function `__sfp_lock_acquire':
/home/dschatz/Work/SESA/toolchain/build-newlib/x86_64-pc-ebbrt/newlib/libc/stdio/../../../../../newlib-2.0.0/newlib/libc/stdio/findfp.c:244: undefined reference to `ebbrt_newlib_lock_acquire_recursive'
/home/handong/github/EbbRT/baremetal/ext/toolchain/bin/../lib/gcc/x86_64-pc-ebbrt/4.8.2/../../../../x86_64-pc-ebbrt/lib/libc.a(lib_a-findfp.o): In function `__sfp':
/home/dschatz/Work/SESA/toolchain/build-newlib/x86_64-pc-ebbrt/newlib/libc/stdio/../../../../../newlib-2.0.0/newlib/libc/stdio/findfp.c:133: undefined reference to `ebbrt_newlib_lock_init_recursive'
/home/handong/github/EbbRT/baremetal/ext/toolchain/bin/../lib/gcc/x86_64-pc-ebbrt/4.8.2/../../../../x86_64-pc-ebbrt/lib/libc.a(lib_a-findfp.o): In function `__sfp_lock_release':
/home/dschatz/Work/SESA/toolchain/build-newlib/x86_64-pc-ebbrt/newlib/libc/stdio/../../../../../newlib-2.0.0/newlib/libc/stdio/findfp.c:250: undefined reference to `ebbrt_newlib_lock_release_recursive'
/home/dschatz/Work/SESA/toolchain/build-newlib/x86_64-pc-ebbrt/newlib/libc/stdio/../../../../../newlib-2.0.0/newlib/libc/stdio/findfp.c:250: undefined reference to `ebbrt_newlib_lock_release_recursive'
/home/handong/github/EbbRT/baremetal/ext/toolchain/bin/../lib/gcc/x86_64-pc-ebbrt/4.8.2/../../../../x86_64-pc-ebbrt/lib/libc.a(lib_a-findfp.o): In function `__sfp_lock_acquire':
/home/dschatz/Work/SESA/toolchain/build-newlib/x86_64-pc-ebbrt/newlib/libc/stdio/../../../../../newlib-2.0.0/newlib/libc/stdio/findfp.c:244: undefined reference to `ebbrt_newlib_lock_acquire_recursive'
/home/handong/github/EbbRT/baremetal/ext/toolchain/bin/../lib/gcc/x86_64-pc-ebbrt/4.8.2/../../../../x86_64-pc-ebbrt/lib/libc.a(lib_a-findfp.o): In function `std':
/home/dschatz/Work/SESA/toolchain/build-newlib/x86_64-pc-ebbrt/newlib/libc/stdio/../../../../../newlib-2.0.0/newlib/libc/stdio/findfp.c:67: undefined reference to `ebbrt_newlib_lock_init_recursive'
/home/handong/github/EbbRT/baremetal/ext/toolchain/bin/../lib/gcc/x86_64-pc-ebbrt/4.8.2/../../../../x86_64-pc-ebbrt/lib/libc.a(lib_a-findfp.o): In function `__sinit_lock_release':
/home/dschatz/Work/SESA/toolchain/build-newlib/x86_64-pc-ebbrt/newlib/libc/stdio/../../../../../newlib-2.0.0/newlib/libc/stdio/findfp.c:262: undefined reference to `ebbrt_newlib_lock_release_recursive'
/home/handong/github/EbbRT/baremetal/ext/toolchain/bin/../lib/gcc/x86_64-pc-ebbrt/4.8.2/../../../../x86_64-pc-ebbrt/lib/libc.a(lib_a-findfp.o): In function `__sfp_lock_acquire':
/home/dschatz/Work/SESA/toolchain/build-newlib/x86_64-pc-ebbrt/newlib/libc/stdio/../../../../../newlib-2.0.0/newlib/libc/stdio/findfp.c:244: undefined reference to `ebbrt_newlib_lock_acquire_recursive'
/home/handong/github/EbbRT/baremetal/ext/toolchain/bin/../lib/gcc/x86_64-pc-ebbrt/4.8.2/../../../../x86_64-pc-ebbrt/lib/libc.a(lib_a-findfp.o): In function `__sfp_lock_release':
/home/dschatz/Work/SESA/toolchain/build-newlib/x86_64-pc-ebbrt/newlib/libc/stdio/../../../../../newlib-2.0.0/newlib/libc/stdio/findfp.c:250: undefined reference to `ebbrt_newlib_lock_release_recursive'
/home/handong/github/EbbRT/baremetal/ext/toolchain/bin/../lib/gcc/x86_64-pc-ebbrt/4.8.2/../../../../x86_64-pc-ebbrt/lib/libc.a(lib_a-findfp.o): In function `__sinit_lock_acquire':
/home/dschatz/Work/SESA/toolchain/build-newlib/x86_64-pc-ebbrt/newlib/libc/stdio/../../../../../newlib-2.0.0/newlib/libc/stdio/findfp.c:256: undefined reference to `ebbrt_newlib_lock_acquire_recursive'
/home/handong/github/EbbRT/baremetal/ext/toolchain/bin/../lib/gcc/x86_64-pc-ebbrt/4.8.2/../../../../x86_64-pc-ebbrt/lib/libc.a(lib_a-findfp.o): In function `__sinit_lock_release':
/home/dschatz/Work/SESA/toolchain/build-newlib/x86_64-pc-ebbrt/newlib/libc/stdio/../../../../../newlib-2.0.0/newlib/libc/stdio/findfp.c:262: undefined reference to `ebbrt_newlib_lock_release_recursive'
/home/handong/github/EbbRT/baremetal/ext/toolchain/bin/../lib/gcc/x86_64-pc-ebbrt/4.8.2/../../../../x86_64-pc-ebbrt/lib/libc.a(lib_a-findfp.o): In function `__sfp_lock_release':
/home/dschatz/Work/SESA/toolchain/build-newlib/x86_64-pc-ebbrt/newlib/libc/stdio/../../../../../newlib-2.0.0/newlib/libc/stdio/findfp.c:250: undefined reference to `ebbrt_newlib_lock_release_recursive'
/home/handong/github/EbbRT/baremetal/ext/toolchain/bin/../lib/gcc/x86_64-pc-ebbrt/4.8.2/../../../../x86_64-pc-ebbrt/lib/libc.a(lib_a-fopen.o): In function `_fopen_r':
/home/dschatz/Work/SESA/toolchain/build-newlib/x86_64-pc-ebbrt/newlib/libc/stdio/../../../../../newlib-2.0.0/newlib/libc/stdio/fopen.c:146: undefined reference to `ebbrt_newlib_lock_close_recursive'
/home/dschatz/Work/SESA/toolchain/build-newlib/x86_64-pc-ebbrt/newlib/libc/stdio/../../../../../newlib-2.0.0/newlib/libc/stdio/fopen.c:170: undefined reference to `ebbrt_newlib_lock_release_recursive'
/home/dschatz/Work/SESA/toolchain/build-newlib/x86_64-pc-ebbrt/newlib/libc/stdio/../../../../../newlib-2.0.0/newlib/libc/stdio/fopen.c:152: undefined reference to `ebbrt_newlib_lock_acquire_recursive'
/home/handong/github/EbbRT/baremetal/ext/toolchain/bin/../lib/gcc/x86_64-pc-ebbrt/4.8.2/../../../../x86_64-pc-ebbrt/lib/libc.a(lib_a-fseeko.o): In function `_fseeko_r':
/home/dschatz/Work/SESA/toolchain/build-newlib/x86_64-pc-ebbrt/newlib/libc/stdio/../../../../../newlib-2.0.0/newlib/libc/stdio/fseeko.c:141: undefined reference to `ebbrt_newlib_lock_acquire_recursive'
/home/dschatz/Work/SESA/toolchain/build-newlib/x86_64-pc-ebbrt/newlib/libc/stdio/../../../../../newlib-2.0.0/newlib/libc/stdio/fseeko.c:157: undefined reference to `ebbrt_newlib_lock_release_recursive'
/home/dschatz/Work/SESA/toolchain/build-newlib/x86_64-pc-ebbrt/newlib/libc/stdio/../../../../../newlib-2.0.0/newlib/libc/stdio/fseeko.c:316: undefined reference to `ebbrt_newlib_lock_release_recursive'
/home/handong/github/EbbRT/baremetal/ext/toolchain/bin/../lib/gcc/x86_64-pc-ebbrt/4.8.2/../../../../x86_64-pc-ebbrt/lib/libc.a(lib_a-syscalls.o): In function `open':
/home/dschatz/Work/SESA/toolchain/build-newlib/x86_64-pc-ebbrt/newlib/libc/sys/ebbrt/../../../../../../newlib-2.0.0/newlib/libc/sys/ebbrt/syscalls.c:90: undefined reference to `ebbrt_newlib_open'
/home/handong/github/EbbRT/baremetal/ext/toolchain/bin/../lib/gcc/x86_64-pc-ebbrt/4.8.2/../../../../x86_64-pc-ebbrt/lib/libc.a(lib_a-syscalls.o): In function `_exit':
/home/dschatz/Work/SESA/toolchain/build-newlib/x86_64-pc-ebbrt/newlib/libc/sys/ebbrt/../../../../../../newlib-2.0.0/newlib/libc/sys/ebbrt/syscalls.c:37: undefined reference to `ebbrt_newlib_exit'
/home/handong/github/EbbRT/baremetal/ext/toolchain/bin/../lib/gcc/x86_64-pc-ebbrt/4.8.2/../../../../x86_64-pc-ebbrt/lib/libc.a(lib_a-syscalls.o): In function `execve':
/home/dschatz/Work/SESA/toolchain/build-newlib/x86_64-pc-ebbrt/newlib/libc/sys/ebbrt/../../../../../../newlib-2.0.0/newlib/libc/sys/ebbrt/syscalls.c:42: undefined reference to `ebbrt_newlib_execve'
/home/handong/github/EbbRT/baremetal/ext/toolchain/bin/../lib/gcc/x86_64-pc-ebbrt/4.8.2/../../../../x86_64-pc-ebbrt/lib/libc.a(lib_a-syscalls.o): In function `getpid':
/home/dschatz/Work/SESA/toolchain/build-newlib/x86_64-pc-ebbrt/newlib/libc/sys/ebbrt/../../../../../../newlib-2.0.0/newlib/libc/sys/ebbrt/syscalls.c:47: undefined reference to `ebbrt_newlib_getpid'
/home/handong/github/EbbRT/baremetal/ext/toolchain/bin/../lib/gcc/x86_64-pc-ebbrt/4.8.2/../../../../x86_64-pc-ebbrt/lib/libc.a(lib_a-syscalls.o): In function `fork':
/home/dschatz/Work/SESA/toolchain/build-newlib/x86_64-pc-ebbrt/newlib/libc/sys/ebbrt/../../../../../../newlib-2.0.0/newlib/libc/sys/ebbrt/syscalls.c:52: undefined reference to `ebbrt_newlib_fork'
/home/handong/github/EbbRT/baremetal/ext/toolchain/bin/../lib/gcc/x86_64-pc-ebbrt/4.8.2/../../../../x86_64-pc-ebbrt/lib/libc.a(lib_a-syscalls.o): In function `kill':
/home/dschatz/Work/SESA/toolchain/build-newlib/x86_64-pc-ebbrt/newlib/libc/sys/ebbrt/../../../../../../newlib-2.0.0/newlib/libc/sys/ebbrt/syscalls.c:57: undefined reference to `ebbrt_newlib_kill'
/home/handong/github/EbbRT/baremetal/ext/toolchain/bin/../lib/gcc/x86_64-pc-ebbrt/4.8.2/../../../../x86_64-pc-ebbrt/lib/libc.a(lib_a-syscalls.o): In function `wait':
/home/dschatz/Work/SESA/toolchain/build-newlib/x86_64-pc-ebbrt/newlib/libc/sys/ebbrt/../../../../../../newlib-2.0.0/newlib/libc/sys/ebbrt/syscalls.c:62: undefined reference to `ebbrt_newlib_wait'
/home/handong/github/EbbRT/baremetal/ext/toolchain/bin/../lib/gcc/x86_64-pc-ebbrt/4.8.2/../../../../x86_64-pc-ebbrt/lib/libc.a(lib_a-syscalls.o): In function `isatty':
/home/dschatz/Work/SESA/toolchain/build-newlib/x86_64-pc-ebbrt/newlib/libc/sys/ebbrt/../../../../../../newlib-2.0.0/newlib/libc/sys/ebbrt/syscalls.c:67: undefined reference to `ebbrt_newlib_isatty'
/home/handong/github/EbbRT/baremetal/ext/toolchain/bin/../lib/gcc/x86_64-pc-ebbrt/4.8.2/../../../../x86_64-pc-ebbrt/lib/libc.a(lib_a-syscalls.o): In function `close':
/home/dschatz/Work/SESA/toolchain/build-newlib/x86_64-pc-ebbrt/newlib/libc/sys/ebbrt/../../../../../../newlib-2.0.0/newlib/libc/sys/ebbrt/syscalls.c:72: undefined reference to `ebbrt_newlib_close'
/home/handong/github/EbbRT/baremetal/ext/toolchain/bin/../lib/gcc/x86_64-pc-ebbrt/4.8.2/../../../../x86_64-pc-ebbrt/lib/libc.a(lib_a-syscalls.o): In function `link':
/home/dschatz/Work/SESA/toolchain/build-newlib/x86_64-pc-ebbrt/newlib/libc/sys/ebbrt/../../../../../../newlib-2.0.0/newlib/libc/sys/ebbrt/syscalls.c:77: undefined reference to `ebbrt_newlib_link'
/home/handong/github/EbbRT/baremetal/ext/toolchain/bin/../lib/gcc/x86_64-pc-ebbrt/4.8.2/../../../../x86_64-pc-ebbrt/lib/libc.a(lib_a-syscalls.o): In function `lseek':
/home/dschatz/Work/SESA/toolchain/build-newlib/x86_64-pc-ebbrt/newlib/libc/sys/ebbrt/../../../../../../newlib-2.0.0/newlib/libc/sys/ebbrt/syscalls.c:82: undefined reference to `ebbrt_newlib_lseek'
/home/handong/github/EbbRT/baremetal/ext/toolchain/bin/../lib/gcc/x86_64-pc-ebbrt/4.8.2/../../../../x86_64-pc-ebbrt/lib/libc.a(lib_a-syscalls.o): In function `read':
/home/dschatz/Work/SESA/toolchain/build-newlib/x86_64-pc-ebbrt/newlib/libc/sys/ebbrt/../../../../../../newlib-2.0.0/newlib/libc/sys/ebbrt/syscalls.c:97: undefined reference to `ebbrt_newlib_read'
/home/handong/github/EbbRT/baremetal/ext/toolchain/bin/../lib/gcc/x86_64-pc-ebbrt/4.8.2/../../../../x86_64-pc-ebbrt/lib/libc.a(lib_a-syscalls.o): In function `fstat':
/home/dschatz/Work/SESA/toolchain/build-newlib/x86_64-pc-ebbrt/newlib/libc/sys/ebbrt/../../../../../../newlib-2.0.0/newlib/libc/sys/ebbrt/syscalls.c:102: undefined reference to `ebbrt_newlib_fstat'
/home/handong/github/EbbRT/baremetal/ext/toolchain/bin/../lib/gcc/x86_64-pc-ebbrt/4.8.2/../../../../x86_64-pc-ebbrt/lib/libc.a(lib_a-syscalls.o): In function `stat':
/home/dschatz/Work/SESA/toolchain/build-newlib/x86_64-pc-ebbrt/newlib/libc/sys/ebbrt/../../../../../../newlib-2.0.0/newlib/libc/sys/ebbrt/syscalls.c:107: undefined reference to `ebbrt_newlib_stat'
/home/handong/github/EbbRT/baremetal/ext/toolchain/bin/../lib/gcc/x86_64-pc-ebbrt/4.8.2/../../../../x86_64-pc-ebbrt/lib/libc.a(lib_a-syscalls.o): In function `unlink':
/home/dschatz/Work/SESA/toolchain/build-newlib/x86_64-pc-ebbrt/newlib/libc/sys/ebbrt/../../../../../../newlib-2.0.0/newlib/libc/sys/ebbrt/syscalls.c:112: undefined reference to `ebbrt_newlib_unlink'
/home/handong/github/EbbRT/baremetal/ext/toolchain/bin/../lib/gcc/x86_64-pc-ebbrt/4.8.2/../../../../x86_64-pc-ebbrt/lib/libc.a(lib_a-syscalls.o): In function `write':
/home/dschatz/Work/SESA/toolchain/build-newlib/x86_64-pc-ebbrt/newlib/libc/sys/ebbrt/../../../../../../newlib-2.0.0/newlib/libc/sys/ebbrt/syscalls.c:117: undefined reference to `ebbrt_newlib_write'
/home/handong/github/EbbRT/baremetal/ext/toolchain/bin/../lib/gcc/x86_64-pc-ebbrt/4.8.2/../../../../x86_64-pc-ebbrt/lib/libc.a(lib_a-syscalls.o): In function `malloc':
/home/dschatz/Work/SESA/toolchain/build-newlib/x86_64-pc-ebbrt/newlib/libc/sys/ebbrt/../../../../../../newlib-2.0.0/newlib/libc/sys/ebbrt/syscalls.c:121: undefined reference to `ebbrt_newlib_malloc'
/home/dschatz/Work/SESA/toolchain/build-newlib/x86_64-pc-ebbrt/newlib/libc/sys/ebbrt/../../../../../../newlib-2.0.0/newlib/libc/sys/ebbrt/syscalls.c:121: undefined reference to `ebbrt_newlib_malloc'
/home/handong/github/EbbRT/baremetal/ext/toolchain/bin/../lib/gcc/x86_64-pc-ebbrt/4.8.2/../../../../x86_64-pc-ebbrt/lib/libc.a(lib_a-syscalls.o): In function `free':
/home/dschatz/Work/SESA/toolchain/build-newlib/x86_64-pc-ebbrt/newlib/libc/sys/ebbrt/../../../../../../newlib-2.0.0/newlib/libc/sys/ebbrt/syscalls.c:129: undefined reference to `ebbrt_newlib_free'
/home/dschatz/Work/SESA/toolchain/build-newlib/x86_64-pc-ebbrt/newlib/libc/sys/ebbrt/../../../../../../newlib-2.0.0/newlib/libc/sys/ebbrt/syscalls.c:129: undefined reference to `ebbrt_newlib_free'
/home/handong/github/EbbRT/baremetal/ext/toolchain/bin/../lib/gcc/x86_64-pc-ebbrt/4.8.2/../../../../x86_64-pc-ebbrt/lib/libc.a(lib_a-syscalls.o): In function `realloc':
/home/dschatz/Work/SESA/toolchain/build-newlib/x86_64-pc-ebbrt/newlib/libc/sys/ebbrt/../../../../../../newlib-2.0.0/newlib/libc/sys/ebbrt/syscalls.c:137: undefined reference to `ebbrt_newlib_realloc'
/home/dschatz/Work/SESA/toolchain/build-newlib/x86_64-pc-ebbrt/newlib/libc/sys/ebbrt/../../../../../../newlib-2.0.0/newlib/libc/sys/ebbrt/syscalls.c:137: undefined reference to `ebbrt_newlib_realloc'
/home/handong/github/EbbRT/baremetal/ext/toolchain/bin/../lib/gcc/x86_64-pc-ebbrt/4.8.2/../../../../x86_64-pc-ebbrt/lib/libc.a(lib_a-syscalls.o): In function `calloc':
/home/dschatz/Work/SESA/toolchain/build-newlib/x86_64-pc-ebbrt/newlib/libc/sys/ebbrt/../../../../../../newlib-2.0.0/newlib/libc/sys/ebbrt/syscalls.c:146: undefined reference to `ebbrt_newlib_calloc'
/home/dschatz/Work/SESA/toolchain/build-newlib/x86_64-pc-ebbrt/newlib/libc/sys/ebbrt/../../../../../../newlib-2.0.0/newlib/libc/sys/ebbrt/syscalls.c:146: undefined reference to `ebbrt_newlib_calloc'
/home/handong/github/EbbRT/baremetal/ext/toolchain/bin/../lib/gcc/x86_64-pc-ebbrt/4.8.2/../../../../x86_64-pc-ebbrt/lib/libc.a(lib_a-syscalls.o): In function `memalign':
/home/dschatz/Work/SESA/toolchain/build-newlib/x86_64-pc-ebbrt/newlib/libc/sys/ebbrt/../../../../../../newlib-2.0.0/newlib/libc/sys/ebbrt/syscalls.c:155: undefined reference to `ebbrt_newlib_memalign'
/home/dschatz/Work/SESA/toolchain/build-newlib/x86_64-pc-ebbrt/newlib/libc/sys/ebbrt/../../../../../../newlib-2.0.0/newlib/libc/sys/ebbrt/syscalls.c:155: undefined reference to `ebbrt_newlib_memalign'
/home/handong/github/EbbRT/baremetal/ext/toolchain/bin/../lib/gcc/x86_64-pc-ebbrt/4.8.2/../../../../x86_64-pc-ebbrt/lib/libc.a(lib_a-syscalls.o): In function `gettimeofday':
/home/dschatz/Work/SESA/toolchain/build-newlib/x86_64-pc-ebbrt/newlib/libc/sys/ebbrt/../../../../../../newlib-2.0.0/newlib/libc/sys/ebbrt/syscalls.c:165: undefined reference to `ebbrt_newlib_gettimeofday'
collect2: error: ld returned 1 exit status
configure:3630: $? = 1
configure:3637: ./conftest
./configure: line 3639: ./conftest: No such file or directory
configure:3641: $? = 127
configure:3656: result: yes
configure:3661: checking for suffix of object files
configure:3683: x86_64-pc-ebbrt-gcc -c   conftest.c >&5
configure:3687: $? = 0
configure:3708: result: o
configure:3712: checking whether we are using the GNU C compiler
configure:3731: x86_64-pc-ebbrt-gcc -c   conftest.c >&5
configure:3731: $? = 0
configure:3740: result: yes
configure:3749: checking whether x86_64-pc-ebbrt-gcc accepts -g
configure:3769: x86_64-pc-ebbrt-gcc -c -g  conftest.c >&5
configure:3769: $? = 0
configure:3810: result: yes
configure:3827: checking for x86_64-pc-ebbrt-gcc option to accept ISO C89
configure:3890: x86_64-pc-ebbrt-gcc  -c -g -O2  conftest.c >&5
configure:3890: $? = 0
configure:3903: result: none needed
configure:3934: checking for style of include used by make
configure:3962: result: GNU
configure:3988: checking dependency style of x86_64-pc-ebbrt-gcc
configure:4099: result: none
configure:4119: checking how to run the C preprocessor
configure:4150: x86_64-pc-ebbrt-gcc -E  conftest.c
configure:4150: $? = 0
configure:4164: x86_64-pc-ebbrt-gcc -E  conftest.c
conftest.c:12:28: fatal error: ac_nonexistent.h: No such file or directory
 #include <ac_nonexistent.h>
                            ^
compilation terminated.
configure:4164: $? = 1
configure: failed program was:
| /* confdefs.h */
| #define PACKAGE_NAME "gsl"
| #define PACKAGE_TARNAME "gsl"
| #define PACKAGE_VERSION "1.16"
| #define PACKAGE_STRING "gsl 1.16"
| #define PACKAGE_BUGREPORT ""
| #define PACKAGE_URL ""
| #define PACKAGE "gsl"
| #define VERSION "1.16"
| #define RELEASED /**/
| /* end confdefs.h.  */
| #include <ac_nonexistent.h>
configure:4189: result: x86_64-pc-ebbrt-gcc -E
configure:4209: x86_64-pc-ebbrt-gcc -E  conftest.c
configure:4209: $? = 0
configure:4223: x86_64-pc-ebbrt-gcc -E  conftest.c
conftest.c:12:28: fatal error: ac_nonexistent.h: No such file or directory
 #include <ac_nonexistent.h>
                            ^
compilation terminated.
configure:4223: $? = 1
configure: failed program was:
| /* confdefs.h */
| #define PACKAGE_NAME "gsl"
| #define PACKAGE_TARNAME "gsl"
| #define PACKAGE_VERSION "1.16"
| #define PACKAGE_STRING "gsl 1.16"
| #define PACKAGE_BUGREPORT ""
| #define PACKAGE_URL ""
| #define PACKAGE "gsl"
| #define VERSION "1.16"
| #define RELEASED /**/
| /* end confdefs.h.  */
| #include <ac_nonexistent.h>
configure:4252: checking whether ln -s works
configure:4256: result: yes
configure:4309: checking how to print strings
configure:4336: result: printf
configure:4357: checking for a sed that does not truncate output
configure:4421: result: /bin/sed
configure:4439: checking for grep that handles long lines and -e
configure:4497: result: /bin/grep
configure:4502: checking for egrep
configure:4564: result: /bin/grep -E
configure:4569: checking for fgrep
configure:4631: result: /bin/grep -F
configure:4666: checking for ld used by x86_64-pc-ebbrt-gcc
configure:4733: result: /home/handong/github/EbbRT/baremetal/ext/toolchain/x86_64-pc-ebbrt/bin/ld
configure:4740: checking if the linker (/home/handong/github/EbbRT/baremetal/ext/toolchain/x86_64-pc-ebbrt/bin/ld) is GNU ld
configure:4755: result: yes
configure:4767: checking for BSD- or MS-compatible name lister (nm)
configure:4816: result: /home/handong/github/EbbRT/baremetal/ext/toolchain/bin/x86_64-pc-ebbrt-nm -B
configure:4946: checking the name lister (/home/handong/github/EbbRT/baremetal/ext/toolchain/bin/x86_64-pc-ebbrt-nm -B) interface
configure:4953: x86_64-pc-ebbrt-gcc -c -g -O2  conftest.c >&5
configure:4956: /home/handong/github/EbbRT/baremetal/ext/toolchain/bin/x86_64-pc-ebbrt-nm -B "conftest.o"
configure:4959: output
0000000000000000 B some_variable
configure:4966: result: BSD nm
configure:4970: checking the maximum length of command line arguments
configure:5100: result: 1572864
configure:5117: checking whether the shell understands some XSI constructs
configure:5127: result: yes
configure:5131: checking whether the shell understands "+="
configure:5137: result: yes
configure:5172: checking how to convert x86_64-unknown-linux-gnu file names to x86_64-pc-ebbrt format
configure:5212: result: func_convert_file_noop
configure:5219: checking how to convert x86_64-unknown-linux-gnu file names to toolchain format
configure:5239: result: func_convert_file_noop
configure:5246: checking for /home/handong/github/EbbRT/baremetal/ext/toolchain/x86_64-pc-ebbrt/bin/ld option to reload object files
configure:5253: result: -r
configure:5287: checking for x86_64-pc-ebbrt-objdump
configure:5303: found /home/handong/github/EbbRT/baremetal/ext/toolchain/bin/x86_64-pc-ebbrt-objdump
configure:5314: result: x86_64-pc-ebbrt-objdump
configure:5386: checking how to recognize dependent libraries
configure:5588: result: unknown
configure:5633: checking for x86_64-pc-ebbrt-dlltool
configure:5663: result: no
configure:5673: checking for dlltool
configure:5703: result: no
configure:5733: checking how to associate runtime and link libraries
configure:5760: result: printf %s\n
configure:5777: checking for x86_64-pc-ebbrt-ar
configure:5793: found /home/handong/github/EbbRT/baremetal/ext/toolchain/bin/x86_64-pc-ebbrt-ar
configure:5804: result: x86_64-pc-ebbrt-ar
configure:5885: checking for archiver @FILE support
configure:5902: x86_64-pc-ebbrt-gcc -c -g -O2  conftest.c >&5
configure:5902: $? = 0
configure:5905: x86_64-pc-ebbrt-ar cru libconftest.a @conftest.lst >&5
configure:5908: $? = 0
configure:5913: x86_64-pc-ebbrt-ar cru libconftest.a @conftest.lst >&5
x86_64-pc-ebbrt-ar: conftest.o: No such file or directory
configure:5916: $? = 1
configure:5928: result: @
configure:5946: checking for x86_64-pc-ebbrt-strip
configure:5973: result: x86_64-pc-ebbrt-strip
configure:6045: checking for x86_64-pc-ebbrt-ranlib
configure:6061: found /home/handong/github/EbbRT/baremetal/ext/toolchain/bin/x86_64-pc-ebbrt-ranlib
configure:6072: result: x86_64-pc-ebbrt-ranlib
configure:6214: checking command to parse /home/handong/github/EbbRT/baremetal/ext/toolchain/bin/x86_64-pc-ebbrt-nm -B output from x86_64-pc-ebbrt-gcc object
configure:6334: x86_64-pc-ebbrt-gcc -c -g -O2  conftest.c >&5
configure:6337: $? = 0
configure:6341: /home/handong/github/EbbRT/baremetal/ext/toolchain/bin/x86_64-pc-ebbrt-nm -B conftest.o \| sed -n -e 's/^.*[ ]\([ABCDGIRSTW][ABCDGIRSTW]*\)[ ][ ]*\([_A-Za-z][_A-Za-z0-9]*\)$/\1 \2 \2/p' | sed '/ __gnu_lto/d' \> conftest.nm
configure:6344: $? = 0
configure:6410: x86_64-pc-ebbrt-gcc -o conftest -g -O2   conftest.c conftstm.o >&5
configure:6413: $? = 0
configure:6451: result: ok
configure:6488: checking for sysroot
configure:6518: result: no
configure:6734: checking for x86_64-pc-ebbrt-mt
configure:6764: result: no
configure:6774: checking for mt
configure:6790: found /bin/mt
configure:6801: result: mt
configure:6813: WARNING: using cross tools not prefixed with host triplet
configure:6824: checking if mt is a manifest tool
configure:6830: mt '-?'
configure:6838: result: no
configure:7476: checking for ANSI C header files
configure:7496: x86_64-pc-ebbrt-gcc -c -g -O2  conftest.c >&5
configure:7496: $? = 0
configure:7580: result: yes
configure:7593: checking for sys/types.h
configure:7593: x86_64-pc-ebbrt-gcc -c -g -O2  conftest.c >&5
configure:7593: $? = 0
configure:7593: result: yes
configure:7593: checking for sys/stat.h
configure:7593: x86_64-pc-ebbrt-gcc -c -g -O2  conftest.c >&5
configure:7593: $? = 0
configure:7593: result: yes
configure:7593: checking for stdlib.h
configure:7593: x86_64-pc-ebbrt-gcc -c -g -O2  conftest.c >&5
configure:7593: $? = 0
configure:7593: result: yes
configure:7593: checking for string.h
configure:7593: x86_64-pc-ebbrt-gcc -c -g -O2  conftest.c >&5
configure:7593: $? = 0
configure:7593: result: yes
configure:7593: checking for memory.h
configure:7593: x86_64-pc-ebbrt-gcc -c -g -O2  conftest.c >&5
conftest.c:51:20: fatal error: memory.h: No such file or directory
 #include <memory.h>
                    ^
compilation terminated.
configure:7593: $? = 1
configure: failed program was:
| /* confdefs.h */
| #define PACKAGE_NAME "gsl"
| #define PACKAGE_TARNAME "gsl"
| #define PACKAGE_VERSION "1.16"
| #define PACKAGE_STRING "gsl 1.16"
| #define PACKAGE_BUGREPORT ""
| #define PACKAGE_URL ""
| #define PACKAGE "gsl"
| #define VERSION "1.16"
| #define RELEASED /**/
| #define STDC_HEADERS 1
| #define HAVE_SYS_TYPES_H 1
| #define HAVE_SYS_STAT_H 1
| #define HAVE_STDLIB_H 1
| #define HAVE_STRING_H 1
| /* end confdefs.h.  */
| #include <stdio.h>
| #ifdef HAVE_SYS_TYPES_H
| # include <sys/types.h>
| #endif
| #ifdef HAVE_SYS_STAT_H
| # include <sys/stat.h>
| #endif
| #ifdef STDC_HEADERS
| # include <stdlib.h>
| # include <stddef.h>
| #else
| # ifdef HAVE_STDLIB_H
| #  include <stdlib.h>
| # endif
| #endif
| #ifdef HAVE_STRING_H
| # if !defined STDC_HEADERS && defined HAVE_MEMORY_H
| #  include <memory.h>
| # endif
| # include <string.h>
| #endif
| #ifdef HAVE_STRINGS_H
| # include <strings.h>
| #endif
| #ifdef HAVE_INTTYPES_H
| # include <inttypes.h>
| #endif
| #ifdef HAVE_STDINT_H
| # include <stdint.h>
| #endif
| #ifdef HAVE_UNISTD_H
| # include <unistd.h>
| #endif
| 
| #include <memory.h>
configure:7593: result: no
configure:7593: checking for strings.h
configure:7593: x86_64-pc-ebbrt-gcc -c -g -O2  conftest.c >&5
configure:7593: $? = 0
configure:7593: result: yes
configure:7593: checking for inttypes.h
configure:7593: x86_64-pc-ebbrt-gcc -c -g -O2  conftest.c >&5
configure:7593: $? = 0
configure:7593: result: yes
configure:7593: checking for stdint.h
configure:7593: x86_64-pc-ebbrt-gcc -c -g -O2  conftest.c >&5
configure:7593: $? = 0
configure:7593: result: yes
configure:7593: checking for unistd.h
configure:7593: x86_64-pc-ebbrt-gcc -c -g -O2  conftest.c >&5
configure:7593: $? = 0
configure:7593: result: yes
configure:7607: checking for dlfcn.h
configure:7607: x86_64-pc-ebbrt-gcc -c -g -O2  conftest.c >&5
conftest.c:55:19: fatal error: dlfcn.h: No such file or directory
 #include <dlfcn.h>
                   ^
compilation terminated.
configure:7607: $? = 1
configure: failed program was:
| /* confdefs.h */
| #define PACKAGE_NAME "gsl"
| #define PACKAGE_TARNAME "gsl"
| #define PACKAGE_VERSION "1.16"
| #define PACKAGE_STRING "gsl 1.16"
| #define PACKAGE_BUGREPORT ""
| #define PACKAGE_URL ""
| #define PACKAGE "gsl"
| #define VERSION "1.16"
| #define RELEASED /**/
| #define STDC_HEADERS 1
| #define HAVE_SYS_TYPES_H 1
| #define HAVE_SYS_STAT_H 1
| #define HAVE_STDLIB_H 1
| #define HAVE_STRING_H 1
| #define HAVE_STRINGS_H 1
| #define HAVE_INTTYPES_H 1
| #define HAVE_STDINT_H 1
| #define HAVE_UNISTD_H 1
| /* end confdefs.h.  */
| #include <stdio.h>
| #ifdef HAVE_SYS_TYPES_H
| # include <sys/types.h>
| #endif
| #ifdef HAVE_SYS_STAT_H
| # include <sys/stat.h>
| #endif
| #ifdef STDC_HEADERS
| # include <stdlib.h>
| # include <stddef.h>
| #else
| # ifdef HAVE_STDLIB_H
| #  include <stdlib.h>
| # endif
| #endif
| #ifdef HAVE_STRING_H
| # if !defined STDC_HEADERS && defined HAVE_MEMORY_H
| #  include <memory.h>
| # endif
| # include <string.h>
| #endif
| #ifdef HAVE_STRINGS_H
| # include <strings.h>
| #endif
| #ifdef HAVE_INTTYPES_H
| # include <inttypes.h>
| #endif
| #ifdef HAVE_STDINT_H
| # include <stdint.h>
| #endif
| #ifdef HAVE_UNISTD_H
| # include <unistd.h>
| #endif
| 
| #include <dlfcn.h>
configure:7607: result: no
configure:7813: checking for objdir
configure:7828: result: .libs
configure:8095: checking if x86_64-pc-ebbrt-gcc supports -fno-rtti -fno-exceptions
configure:8113: x86_64-pc-ebbrt-gcc -c -g -O2  -fno-rtti -fno-exceptions conftest.c >&5
cc1: warning: command line option '-fno-rtti' is valid for C++/ObjC++ but not for C [enabled by default]
configure:8117: $? = 0
configure:8130: result: no
configure:8457: checking for x86_64-pc-ebbrt-gcc option to produce PIC
configure:8464: result: -fPIC -DPIC
configure:8472: checking if x86_64-pc-ebbrt-gcc PIC flag -fPIC -DPIC works
configure:8490: x86_64-pc-ebbrt-gcc -c -g -O2  -fPIC -DPIC -DPIC conftest.c >&5
configure:8494: $? = 0
configure:8507: result: yes
configure:8536: checking if x86_64-pc-ebbrt-gcc static flag -static works
configure:8564: result: yes
configure:8579: checking if x86_64-pc-ebbrt-gcc supports -c -o file.o
configure:8600: x86_64-pc-ebbrt-gcc -c -g -O2  -o out/conftest2.o conftest.c >&5
configure:8604: $? = 0
configure:8626: result: yes
configure:8634: checking if x86_64-pc-ebbrt-gcc supports -c -o file.o
configure:8681: result: yes
configure:8714: checking whether the x86_64-pc-ebbrt-gcc linker (/home/handong/github/EbbRT/baremetal/ext/toolchain/x86_64-pc-ebbrt/bin/ld) supports shared libraries
configure:9867: result: yes
configure:10107: checking dynamic linker characteristics
configure:10840: result: no
configure:10947: checking how to hardcode library paths into programs
configure:10972: result: immediate
configure:11512: checking whether stripping libraries is possible
configure:11517: result: yes
configure:11552: checking if libtool supports shared libraries
configure:11554: result: no
configure:11557: checking whether to build shared libraries
configure:11578: result: no
configure:11581: checking whether to build static libraries
configure:11585: result: yes
configure:11623: checking for size_t
configure:11623: x86_64-pc-ebbrt-gcc -c -g -O2  conftest.c >&5
configure:11623: $? = 0
configure:11623: x86_64-pc-ebbrt-gcc -c -g -O2  conftest.c >&5
conftest.c: In function 'main':
conftest.c:58:21: error: expected expression before ')' token
 if (sizeof ((size_t)))
                     ^
configure:11623: $? = 1
configure: failed program was:
| /* confdefs.h */
| #define PACKAGE_NAME "gsl"
| #define PACKAGE_TARNAME "gsl"
| #define PACKAGE_VERSION "1.16"
| #define PACKAGE_STRING "gsl 1.16"
| #define PACKAGE_BUGREPORT ""
| #define PACKAGE_URL ""
| #define PACKAGE "gsl"
| #define VERSION "1.16"
| #define RELEASED /**/
| #define STDC_HEADERS 1
| #define HAVE_SYS_TYPES_H 1
| #define HAVE_SYS_STAT_H 1
| #define HAVE_STDLIB_H 1
| #define HAVE_STRING_H 1
| #define HAVE_STRINGS_H 1
| #define HAVE_INTTYPES_H 1
| #define HAVE_STDINT_H 1
| #define HAVE_UNISTD_H 1
| #define LT_OBJDIR ".libs/"
| /* end confdefs.h.  */
| #include <stdio.h>
| #ifdef HAVE_SYS_TYPES_H
| # include <sys/types.h>
| #endif
| #ifdef HAVE_SYS_STAT_H
| # include <sys/stat.h>
| #endif
| #ifdef STDC_HEADERS
| # include <stdlib.h>
| # include <stddef.h>
| #else
| # ifdef HAVE_STDLIB_H
| #  include <stdlib.h>
| # endif
| #endif
| #ifdef HAVE_STRING_H
| # if !defined STDC_HEADERS && defined HAVE_MEMORY_H
| #  include <memory.h>
| # endif
| # include <string.h>
| #endif
| #ifdef HAVE_STRINGS_H
| # include <strings.h>
| #endif
| #ifdef HAVE_INTTYPES_H
| # include <inttypes.h>
| #endif
| #ifdef HAVE_STDINT_H
| # include <stdint.h>
| #endif
| #ifdef HAVE_UNISTD_H
| # include <unistd.h>
| #endif
| int
| main ()
| {
| if (sizeof ((size_t)))
| 	    return 0;
|   ;
|   return 0;
| }
configure:11623: result: yes
configure:11634: checking for working volatile
configure:11653: x86_64-pc-ebbrt-gcc -c -g -O2  conftest.c >&5
configure:11653: $? = 0
configure:11660: result: yes
configure:11668: checking for inline
configure:11684: x86_64-pc-ebbrt-gcc -c -g -O2  conftest.c >&5
configure:11684: $? = 0
configure:11692: result: inline
configure:11710: checking whether char is unsigned
configure:11729: x86_64-pc-ebbrt-gcc -c -g -O2  conftest.c >&5
configure:11729: $? = 0
configure:11736: result: no
configure:11834: checking for cos in -lm
configure:11859: x86_64-pc-ebbrt-gcc -o conftest -g -O2   conftest.c -lm   >&5
conftest.c:29:6: warning: conflicting types for built-in function 'cos' [enabled by default]
 char cos ();
      ^
configure:11859: $? = 0
configure:11868: result: yes
configure:11885: checking for GNU-style extern inline
configure:11904: x86_64-pc-ebbrt-gcc -c -g -O2  conftest.c >&5
configure:11904: $? = 0
configure:11910: result: yes
configure:11975: checking ieeefp.h usability
configure:11975: x86_64-pc-ebbrt-gcc -c -g -O2  conftest.c >&5
configure:11975: $? = 0
configure:11975: result: yes
configure:11975: checking ieeefp.h presence
configure:11975: x86_64-pc-ebbrt-gcc -E  conftest.c
configure:11975: $? = 0
configure:11975: result: yes
configure:11975: checking for ieeefp.h
configure:11975: result: yes
configure:12005: checking for vprintf
configure:12005: x86_64-pc-ebbrt-gcc -o conftest -g -O2   conftest.c  >&5
conftest.c:47:6: warning: conflicting types for built-in function 'vprintf' [enabled by default]
 char vprintf ();
      ^
/home/handong/github/EbbRT/baremetal/ext/toolchain/bin/../lib/gcc/x86_64-pc-ebbrt/4.8.2/../../../../x86_64-pc-ebbrt/lib/libg.a(lib_a-vfprintf.o): In function `_vfprintf_r':
/home/dschatz/Work/SESA/toolchain/build-newlib/x86_64-pc-ebbrt/newlib/libc/stdio/../../../../../newlib-2.0.0/newlib/libc/stdio/vfprintf.c:719: undefined reference to `ebbrt_newlib_lock_release_recursive'
/home/dschatz/Work/SESA/toolchain/build-newlib/x86_64-pc-ebbrt/newlib/libc/stdio/../../../../../newlib-2.0.0/newlib/libc/stdio/vfprintf.c:713: undefined reference to `ebbrt_newlib_lock_acquire_recursive'
/home/dschatz/Work/SESA/toolchain/build-newlib/x86_64-pc-ebbrt/newlib/libc/stdio/../../../../../newlib-2.0.0/newlib/libc/stdio/vfprintf.c:726: undefined reference to `ebbrt_newlib_lock_release_recursive'
/home/dschatz/Work/SESA/toolchain/build-newlib/x86_64-pc-ebbrt/newlib/libc/stdio/../../../../../newlib-2.0.0/newlib/libc/stdio/vfprintf.c:1638: undefined reference to `ebbrt_newlib_lock_release_recursive'
/home/handong/github/EbbRT/baremetal/ext/toolchain/bin/../lib/gcc/x86_64-pc-ebbrt/4.8.2/../../../../x86_64-pc-ebbrt/lib/libg.a(lib_a-vfprintf.o): In function `__sbprintf':
/home/dschatz/Work/SESA/toolchain/build-newlib/x86_64-pc-ebbrt/newlib/libc/stdio/../../../../../newlib-2.0.0/newlib/libc/stdio/vfprintf.c:362: undefined reference to `ebbrt_newlib_lock_init_recursive'
/home/dschatz/Work/SESA/toolchain/build-newlib/x86_64-pc-ebbrt/newlib/libc/stdio/../../../../../newlib-2.0.0/newlib/libc/stdio/vfprintf.c:373: undefined reference to `ebbrt_newlib_lock_close_recursive'
/home/handong/github/EbbRT/baremetal/ext/toolchain/bin/../lib/gcc/x86_64-pc-ebbrt/4.8.2/../../../../x86_64-pc-ebbrt/lib/libg.a(lib_a-fflush.o): In function `_fflush_r':
/home/dschatz/Work/SESA/toolchain/build-newlib/x86_64-pc-ebbrt/newlib/libc/stdio/../../../../../newlib-2.0.0/newlib/libc/stdio/fflush.c:231: undefined reference to `ebbrt_newlib_lock_release_recursive'
/home/dschatz/Work/SESA/toolchain/build-newlib/x86_64-pc-ebbrt/newlib/libc/stdio/../../../../../newlib-2.0.0/newlib/libc/stdio/fflush.c:229: undefined reference to `ebbrt_newlib_lock_acquire_recursive'
/home/handong/github/EbbRT/baremetal/ext/toolchain/bin/../lib/gcc/x86_64-pc-ebbrt/4.8.2/../../../../x86_64-pc-ebbrt/lib/libg.a(lib_a-findfp.o): In function `__fp_lock':
/home/dschatz/Work/SESA/toolchain/build-newlib/x86_64-pc-ebbrt/newlib/libc/stdio/../../../../../newlib-2.0.0/newlib/libc/stdio/findfp.c:270: undefined reference to `ebbrt_newlib_lock_acquire_recursive'
/home/handong/github/EbbRT/baremetal/ext/toolchain/bin/../lib/gcc/x86_64-pc-ebbrt/4.8.2/../../../../x86_64-pc-ebbrt/lib/libg.a(lib_a-findfp.o): In function `__fp_unlock':
/home/dschatz/Work/SESA/toolchain/build-newlib/x86_64-pc-ebbrt/newlib/libc/stdio/../../../../../newlib-2.0.0/newlib/libc/stdio/findfp.c:280: undefined reference to `ebbrt_newlib_lock_release_recursive'
/home/handong/github/EbbRT/baremetal/ext/toolchain/bin/../lib/gcc/x86_64-pc-ebbrt/4.8.2/../../../../x86_64-pc-ebbrt/lib/libg.a(lib_a-findfp.o): In function `__sinit_lock_acquire':
/home/dschatz/Work/SESA/toolchain/build-newlib/x86_64-pc-ebbrt/newlib/libc/stdio/../../../../../newlib-2.0.0/newlib/libc/stdio/findfp.c:256: undefined reference to `ebbrt_newlib_lock_acquire_recursive'
/home/handong/github/EbbRT/baremetal/ext/toolchain/bin/../lib/gcc/x86_64-pc-ebbrt/4.8.2/../../../../x86_64-pc-ebbrt/lib/libg.a(lib_a-findfp.o): In function `__sfp_lock_acquire':
/home/dschatz/Work/SESA/toolchain/build-newlib/x86_64-pc-ebbrt/newlib/libc/stdio/../../../../../newlib-2.0.0/newlib/libc/stdio/findfp.c:244: undefined reference to `ebbrt_newlib_lock_acquire_recursive'
/home/handong/github/EbbRT/baremetal/ext/toolchain/bin/../lib/gcc/x86_64-pc-ebbrt/4.8.2/../../../../x86_64-pc-ebbrt/lib/libg.a(lib_a-findfp.o): In function `__sfp':
/home/dschatz/Work/SESA/toolchain/build-newlib/x86_64-pc-ebbrt/newlib/libc/stdio/../../../../../newlib-2.0.0/newlib/libc/stdio/findfp.c:133: undefined reference to `ebbrt_newlib_lock_init_recursive'
/home/handong/github/EbbRT/baremetal/ext/toolchain/bin/../lib/gcc/x86_64-pc-ebbrt/4.8.2/../../../../x86_64-pc-ebbrt/lib/libg.a(lib_a-findfp.o): In function `__sfp_lock_release':
/home/dschatz/Work/SESA/toolchain/build-newlib/x86_64-pc-ebbrt/newlib/libc/stdio/../../../../../newlib-2.0.0/newlib/libc/stdio/findfp.c:250: undefined reference to `ebbrt_newlib_lock_release_recursive'
/home/dschatz/Work/SESA/toolchain/build-newlib/x86_64-pc-ebbrt/newlib/libc/stdio/../../../../../newlib-2.0.0/newlib/libc/stdio/findfp.c:250: undefined reference to `ebbrt_newlib_lock_release_recursive'
/home/handong/github/EbbRT/baremetal/ext/toolchain/bin/../lib/gcc/x86_64-pc-ebbrt/4.8.2/../../../../x86_64-pc-ebbrt/lib/libg.a(lib_a-findfp.o): In function `__sfp_lock_acquire':
/home/dschatz/Work/SESA/toolchain/build-newlib/x86_64-pc-ebbrt/newlib/libc/stdio/../../../../../newlib-2.0.0/newlib/libc/stdio/findfp.c:244: undefined reference to `ebbrt_newlib_lock_acquire_recursive'
/home/handong/github/EbbRT/baremetal/ext/toolchain/bin/../lib/gcc/x86_64-pc-ebbrt/4.8.2/../../../../x86_64-pc-ebbrt/lib/libg.a(lib_a-findfp.o): In function `std':
/home/dschatz/Work/SESA/toolchain/build-newlib/x86_64-pc-ebbrt/newlib/libc/stdio/../../../../../newlib-2.0.0/newlib/libc/stdio/findfp.c:67: undefined reference to `ebbrt_newlib_lock_init_recursive'
/home/handong/github/EbbRT/baremetal/ext/toolchain/bin/../lib/gcc/x86_64-pc-ebbrt/4.8.2/../../../../x86_64-pc-ebbrt/lib/libg.a(lib_a-findfp.o): In function `__sinit_lock_release':
/home/dschatz/Work/SESA/toolchain/build-newlib/x86_64-pc-ebbrt/newlib/libc/stdio/../../../../../newlib-2.0.0/newlib/libc/stdio/findfp.c:262: undefined reference to `ebbrt_newlib_lock_release_recursive'
/home/handong/github/EbbRT/baremetal/ext/toolchain/bin/../lib/gcc/x86_64-pc-ebbrt/4.8.2/../../../../x86_64-pc-ebbrt/lib/libg.a(lib_a-findfp.o): In function `__sfp_lock_acquire':
/home/dschatz/Work/SESA/toolchain/build-newlib/x86_64-pc-ebbrt/newlib/libc/stdio/../../../../../newlib-2.0.0/newlib/libc/stdio/findfp.c:244: undefined reference to `ebbrt_newlib_lock_acquire_recursive'
/home/handong/github/EbbRT/baremetal/ext/toolchain/bin/../lib/gcc/x86_64-pc-ebbrt/4.8.2/../../../../x86_64-pc-ebbrt/lib/libg.a(lib_a-findfp.o): In function `__sfp_lock_release':
/home/dschatz/Work/SESA/toolchain/build-newlib/x86_64-pc-ebbrt/newlib/libc/stdio/../../../../../newlib-2.0.0/newlib/libc/stdio/findfp.c:250: undefined reference to `ebbrt_newlib_lock_release_recursive'
/home/handong/github/EbbRT/baremetal/ext/toolchain/bin/../lib/gcc/x86_64-pc-ebbrt/4.8.2/../../../../x86_64-pc-ebbrt/lib/libg.a(lib_a-findfp.o): In function `__sinit_lock_acquire':
/home/dschatz/Work/SESA/toolchain/build-newlib/x86_64-pc-ebbrt/newlib/libc/stdio/../../../../../newlib-2.0.0/newlib/libc/stdio/findfp.c:256: undefined reference to `ebbrt_newlib_lock_acquire_recursive'
/home/handong/github/EbbRT/baremetal/ext/toolchain/bin/../lib/gcc/x86_64-pc-ebbrt/4.8.2/../../../../x86_64-pc-ebbrt/lib/libg.a(lib_a-findfp.o): In function `__sinit_lock_release':
/home/dschatz/Work/SESA/toolchain/build-newlib/x86_64-pc-ebbrt/newlib/libc/stdio/../../../../../newlib-2.0.0/newlib/libc/stdio/findfp.c:262: undefined reference to `ebbrt_newlib_lock_release_recursive'
/home/handong/github/EbbRT/baremetal/ext/toolchain/bin/../lib/gcc/x86_64-pc-ebbrt/4.8.2/../../../../x86_64-pc-ebbrt/lib/libg.a(lib_a-findfp.o): In function `__sfp_lock_release':
/home/dschatz/Work/SESA/toolchain/build-newlib/x86_64-pc-ebbrt/newlib/libc/stdio/../../../../../newlib-2.0.0/newlib/libc/stdio/findfp.c:250: undefined reference to `ebbrt_newlib_lock_release_recursive'
/home/handong/github/EbbRT/baremetal/ext/toolchain/bin/../lib/gcc/x86_64-pc-ebbrt/4.8.2/../../../../x86_64-pc-ebbrt/lib/libg.a(lib_a-syscalls.o): In function `open':
/home/dschatz/Work/SESA/toolchain/build-newlib/x86_64-pc-ebbrt/newlib/libc/sys/ebbrt/../../../../../../newlib-2.0.0/newlib/libc/sys/ebbrt/syscalls.c:90: undefined reference to `ebbrt_newlib_open'
/home/handong/github/EbbRT/baremetal/ext/toolchain/bin/../lib/gcc/x86_64-pc-ebbrt/4.8.2/../../../../x86_64-pc-ebbrt/lib/libg.a(lib_a-syscalls.o): In function `_exit':
/home/dschatz/Work/SESA/toolchain/build-newlib/x86_64-pc-ebbrt/newlib/libc/sys/ebbrt/../../../../../../newlib-2.0.0/newlib/libc/sys/ebbrt/syscalls.c:37: undefined reference to `ebbrt_newlib_exit'
/home/handong/github/EbbRT/baremetal/ext/toolchain/bin/../lib/gcc/x86_64-pc-ebbrt/4.8.2/../../../../x86_64-pc-ebbrt/lib/libg.a(lib_a-syscalls.o): In function `execve':
/home/dschatz/Work/SESA/toolchain/build-newlib/x86_64-pc-ebbrt/newlib/libc/sys/ebbrt/../../../../../../newlib-2.0.0/newlib/libc/sys/ebbrt/syscalls.c:42: undefined reference to `ebbrt_newlib_execve'
/home/handong/github/EbbRT/baremetal/ext/toolchain/bin/../lib/gcc/x86_64-pc-ebbrt/4.8.2/../../../../x86_64-pc-ebbrt/lib/libg.a(lib_a-syscalls.o): In function `getpid':
/home/dschatz/Work/SESA/toolchain/build-newlib/x86_64-pc-ebbrt/newlib/libc/sys/ebbrt/../../../../../../newlib-2.0.0/newlib/libc/sys/ebbrt/syscalls.c:47: undefined reference to `ebbrt_newlib_getpid'
/home/handong/github/EbbRT/baremetal/ext/toolchain/bin/../lib/gcc/x86_64-pc-ebbrt/4.8.2/../../../../x86_64-pc-ebbrt/lib/libg.a(lib_a-syscalls.o): In function `fork':
/home/dschatz/Work/SESA/toolchain/build-newlib/x86_64-pc-ebbrt/newlib/libc/sys/ebbrt/../../../../../../newlib-2.0.0/newlib/libc/sys/ebbrt/syscalls.c:52: undefined reference to `ebbrt_newlib_fork'
/home/handong/github/EbbRT/baremetal/ext/toolchain/bin/../lib/gcc/x86_64-pc-ebbrt/4.8.2/../../../../x86_64-pc-ebbrt/lib/libg.a(lib_a-syscalls.o): In function `kill':
/home/dschatz/Work/SESA/toolchain/build-newlib/x86_64-pc-ebbrt/newlib/libc/sys/ebbrt/../../../../../../newlib-2.0.0/newlib/libc/sys/ebbrt/syscalls.c:57: undefined reference to `ebbrt_newlib_kill'
/home/handong/github/EbbRT/baremetal/ext/toolchain/bin/../lib/gcc/x86_64-pc-ebbrt/4.8.2/../../../../x86_64-pc-ebbrt/lib/libg.a(lib_a-syscalls.o): In function `wait':
/home/dschatz/Work/SESA/toolchain/build-newlib/x86_64-pc-ebbrt/newlib/libc/sys/ebbrt/../../../../../../newlib-2.0.0/newlib/libc/sys/ebbrt/syscalls.c:62: undefined reference to `ebbrt_newlib_wait'
/home/handong/github/EbbRT/baremetal/ext/toolchain/bin/../lib/gcc/x86_64-pc-ebbrt/4.8.2/../../../../x86_64-pc-ebbrt/lib/libg.a(lib_a-syscalls.o): In function `isatty':
/home/dschatz/Work/SESA/toolchain/build-newlib/x86_64-pc-ebbrt/newlib/libc/sys/ebbrt/../../../../../../newlib-2.0.0/newlib/libc/sys/ebbrt/syscalls.c:67: undefined reference to `ebbrt_newlib_isatty'
/home/handong/github/EbbRT/baremetal/ext/toolchain/bin/../lib/gcc/x86_64-pc-ebbrt/4.8.2/../../../../x86_64-pc-ebbrt/lib/libg.a(lib_a-syscalls.o): In function `close':
/home/dschatz/Work/SESA/toolchain/build-newlib/x86_64-pc-ebbrt/newlib/libc/sys/ebbrt/../../../../../../newlib-2.0.0/newlib/libc/sys/ebbrt/syscalls.c:72: undefined reference to `ebbrt_newlib_close'
/home/handong/github/EbbRT/baremetal/ext/toolchain/bin/../lib/gcc/x86_64-pc-ebbrt/4.8.2/../../../../x86_64-pc-ebbrt/lib/libg.a(lib_a-syscalls.o): In function `link':
/home/dschatz/Work/SESA/toolchain/build-newlib/x86_64-pc-ebbrt/newlib/libc/sys/ebbrt/../../../../../../newlib-2.0.0/newlib/libc/sys/ebbrt/syscalls.c:77: undefined reference to `ebbrt_newlib_link'
/home/handong/github/EbbRT/baremetal/ext/toolchain/bin/../lib/gcc/x86_64-pc-ebbrt/4.8.2/../../../../x86_64-pc-ebbrt/lib/libg.a(lib_a-syscalls.o): In function `lseek':
/home/dschatz/Work/SESA/toolchain/build-newlib/x86_64-pc-ebbrt/newlib/libc/sys/ebbrt/../../../../../../newlib-2.0.0/newlib/libc/sys/ebbrt/syscalls.c:82: undefined reference to `ebbrt_newlib_lseek'
/home/handong/github/EbbRT/baremetal/ext/toolchain/bin/../lib/gcc/x86_64-pc-ebbrt/4.8.2/../../../../x86_64-pc-ebbrt/lib/libg.a(lib_a-syscalls.o): In function `read':
/home/dschatz/Work/SESA/toolchain/build-newlib/x86_64-pc-ebbrt/newlib/libc/sys/ebbrt/../../../../../../newlib-2.0.0/newlib/libc/sys/ebbrt/syscalls.c:97: undefined reference to `ebbrt_newlib_read'
/home/handong/github/EbbRT/baremetal/ext/toolchain/bin/../lib/gcc/x86_64-pc-ebbrt/4.8.2/../../../../x86_64-pc-ebbrt/lib/libg.a(lib_a-syscalls.o): In function `fstat':
/home/dschatz/Work/SESA/toolchain/build-newlib/x86_64-pc-ebbrt/newlib/libc/sys/ebbrt/../../../../../../newlib-2.0.0/newlib/libc/sys/ebbrt/syscalls.c:102: undefined reference to `ebbrt_newlib_fstat'
/home/handong/github/EbbRT/baremetal/ext/toolchain/bin/../lib/gcc/x86_64-pc-ebbrt/4.8.2/../../../../x86_64-pc-ebbrt/lib/libg.a(lib_a-syscalls.o): In function `stat':
/home/dschatz/Work/SESA/toolchain/build-newlib/x86_64-pc-ebbrt/newlib/libc/sys/ebbrt/../../../../../../newlib-2.0.0/newlib/libc/sys/ebbrt/syscalls.c:107: undefined reference to `ebbrt_newlib_stat'
/home/handong/github/EbbRT/baremetal/ext/toolchain/bin/../lib/gcc/x86_64-pc-ebbrt/4.8.2/../../../../x86_64-pc-ebbrt/lib/libg.a(lib_a-syscalls.o): In function `unlink':
/home/dschatz/Work/SESA/toolchain/build-newlib/x86_64-pc-ebbrt/newlib/libc/sys/ebbrt/../../../../../../newlib-2.0.0/newlib/libc/sys/ebbrt/syscalls.c:112: undefined reference to `ebbrt_newlib_unlink'
/home/handong/github/EbbRT/baremetal/ext/toolchain/bin/../lib/gcc/x86_64-pc-ebbrt/4.8.2/../../../../x86_64-pc-ebbrt/lib/libg.a(lib_a-syscalls.o): In function `write':
/home/dschatz/Work/SESA/toolchain/build-newlib/x86_64-pc-ebbrt/newlib/libc/sys/ebbrt/../../../../../../newlib-2.0.0/newlib/libc/sys/ebbrt/syscalls.c:117: undefined reference to `ebbrt_newlib_write'
/home/handong/github/EbbRT/baremetal/ext/toolchain/bin/../lib/gcc/x86_64-pc-ebbrt/4.8.2/../../../../x86_64-pc-ebbrt/lib/libg.a(lib_a-syscalls.o): In function `malloc':
/home/dschatz/Work/SESA/toolchain/build-newlib/x86_64-pc-ebbrt/newlib/libc/sys/ebbrt/../../../../../../newlib-2.0.0/newlib/libc/sys/ebbrt/syscalls.c:121: undefined reference to `ebbrt_newlib_malloc'
/home/dschatz/Work/SESA/toolchain/build-newlib/x86_64-pc-ebbrt/newlib/libc/sys/ebbrt/../../../../../../newlib-2.0.0/newlib/libc/sys/ebbrt/syscalls.c:121: undefined reference to `ebbrt_newlib_malloc'
/home/handong/github/EbbRT/baremetal/ext/toolchain/bin/../lib/gcc/x86_64-pc-ebbrt/4.8.2/../../../../x86_64-pc-ebbrt/lib/libg.a(lib_a-syscalls.o): In function `free':
/home/dschatz/Work/SESA/toolchain/build-newlib/x86_64-pc-ebbrt/newlib/libc/sys/ebbrt/../../../../../../newlib-2.0.0/newlib/libc/sys/ebbrt/syscalls.c:129: undefined reference to `ebbrt_newlib_free'
/home/dschatz/Work/SESA/toolchain/build-newlib/x86_64-pc-ebbrt/newlib/libc/sys/ebbrt/../../../../../../newlib-2.0.0/newlib/libc/sys/ebbrt/syscalls.c:129: undefined reference to `ebbrt_newlib_free'
/home/handong/github/EbbRT/baremetal/ext/toolchain/bin/../lib/gcc/x86_64-pc-ebbrt/4.8.2/../../../../x86_64-pc-ebbrt/lib/libg.a(lib_a-syscalls.o): In function `realloc':
/home/dschatz/Work/SESA/toolchain/build-newlib/x86_64-pc-ebbrt/newlib/libc/sys/ebbrt/../../../../../../newlib-2.0.0/newlib/libc/sys/ebbrt/syscalls.c:137: undefined reference to `ebbrt_newlib_realloc'
/home/dschatz/Work/SESA/toolchain/build-newlib/x86_64-pc-ebbrt/newlib/libc/sys/ebbrt/../../../../../../newlib-2.0.0/newlib/libc/sys/ebbrt/syscalls.c:137: undefined reference to `ebbrt_newlib_realloc'
/home/handong/github/EbbRT/baremetal/ext/toolchain/bin/../lib/gcc/x86_64-pc-ebbrt/4.8.2/../../../../x86_64-pc-ebbrt/lib/libg.a(lib_a-syscalls.o): In function `calloc':
/home/dschatz/Work/SESA/toolchain/build-newlib/x86_64-pc-ebbrt/newlib/libc/sys/ebbrt/../../../../../../newlib-2.0.0/newlib/libc/sys/ebbrt/syscalls.c:146: undefined reference to `ebbrt_newlib_calloc'
/home/dschatz/Work/SESA/toolchain/build-newlib/x86_64-pc-ebbrt/newlib/libc/sys/ebbrt/../../../../../../newlib-2.0.0/newlib/libc/sys/ebbrt/syscalls.c:146: undefined reference to `ebbrt_newlib_calloc'
/home/handong/github/EbbRT/baremetal/ext/toolchain/bin/../lib/gcc/x86_64-pc-ebbrt/4.8.2/../../../../x86_64-pc-ebbrt/lib/libg.a(lib_a-syscalls.o): In function `memalign':
/home/dschatz/Work/SESA/toolchain/build-newlib/x86_64-pc-ebbrt/newlib/libc/sys/ebbrt/../../../../../../newlib-2.0.0/newlib/libc/sys/ebbrt/syscalls.c:155: undefined reference to `ebbrt_newlib_memalign'
/home/dschatz/Work/SESA/toolchain/build-newlib/x86_64-pc-ebbrt/newlib/libc/sys/ebbrt/../../../../../../newlib-2.0.0/newlib/libc/sys/ebbrt/syscalls.c:155: undefined reference to `ebbrt_newlib_memalign'
/home/handong/github/EbbRT/baremetal/ext/toolchain/bin/../lib/gcc/x86_64-pc-ebbrt/4.8.2/../../../../x86_64-pc-ebbrt/lib/libg.a(lib_a-syscalls.o): In function `gettimeofday':
/home/dschatz/Work/SESA/toolchain/build-newlib/x86_64-pc-ebbrt/newlib/libc/sys/ebbrt/../../../../../../newlib-2.0.0/newlib/libc/sys/ebbrt/syscalls.c:165: undefined reference to `ebbrt_newlib_gettimeofday'
/home/handong/github/EbbRT/baremetal/ext/toolchain/bin/../lib/gcc/x86_64-pc-ebbrt/4.8.2/../../../../x86_64-pc-ebbrt/lib/libg.a(lib_a-vfiprintf.o): In function `_vfiprintf_r':
/home/dschatz/Work/SESA/toolchain/build-newlib/x86_64-pc-ebbrt/newlib/libc/stdio/../../../../../newlib-2.0.0/newlib/libc/stdio/vfprintf.c:713: undefined reference to `ebbrt_newlib_lock_acquire_recursive'
/home/dschatz/Work/SESA/toolchain/build-newlib/x86_64-pc-ebbrt/newlib/libc/stdio/../../../../../newlib-2.0.0/newlib/libc/stdio/vfprintf.c:726: undefined reference to `ebbrt_newlib_lock_release_recursive'
/home/dschatz/Work/SESA/toolchain/build-newlib/x86_64-pc-ebbrt/newlib/libc/stdio/../../../../../newlib-2.0.0/newlib/libc/stdio/vfprintf.c:1638: undefined reference to `ebbrt_newlib_lock_release_recursive'
/home/dschatz/Work/SESA/toolchain/build-newlib/x86_64-pc-ebbrt/newlib/libc/stdio/../../../../../newlib-2.0.0/newlib/libc/stdio/vfprintf.c:719: undefined reference to `ebbrt_newlib_lock_release_recursive'
/home/handong/github/EbbRT/baremetal/ext/toolchain/bin/../lib/gcc/x86_64-pc-ebbrt/4.8.2/../../../../x86_64-pc-ebbrt/lib/libg.a(lib_a-vfiprintf.o): In function `__sbprintf':
/home/dschatz/Work/SESA/toolchain/build-newlib/x86_64-pc-ebbrt/newlib/libc/stdio/../../../../../newlib-2.0.0/newlib/libc/stdio/vfprintf.c:362: undefined reference to `ebbrt_newlib_lock_init_recursive'
/home/dschatz/Work/SESA/toolchain/build-newlib/x86_64-pc-ebbrt/newlib/libc/stdio/../../../../../newlib-2.0.0/newlib/libc/stdio/vfprintf.c:373: undefined reference to `ebbrt_newlib_lock_close_recursive'
/home/handong/github/EbbRT/baremetal/ext/toolchain/bin/../lib/gcc/x86_64-pc-ebbrt/4.8.2/../../../../x86_64-pc-ebbrt/lib/libg.a(lib_a-fclose.o): In function `_fclose_r':
/home/dschatz/Work/SESA/toolchain/build-newlib/x86_64-pc-ebbrt/newlib/libc/stdio/../../../../../newlib-2.0.0/newlib/libc/stdio/fclose.c:109: undefined reference to `ebbrt_newlib_lock_release_recursive'
/home/dschatz/Work/SESA/toolchain/build-newlib/x86_64-pc-ebbrt/newlib/libc/stdio/../../../../../newlib-2.0.0/newlib/libc/stdio/fclose.c:111: undefined reference to `ebbrt_newlib_lock_close_recursive'
/home/dschatz/Work/SESA/toolchain/build-newlib/x86_64-pc-ebbrt/newlib/libc/stdio/../../../../../newlib-2.0.0/newlib/libc/stdio/fclose.c:85: undefined reference to `ebbrt_newlib_lock_acquire_recursive'
/home/dschatz/Work/SESA/toolchain/build-newlib/x86_64-pc-ebbrt/newlib/libc/stdio/../../../../../newlib-2.0.0/newlib/libc/stdio/fclose.c:89: undefined reference to `ebbrt_newlib_lock_release_recursive'
/home/handong/github/EbbRT/baremetal/ext/toolchain/bin/../lib/gcc/x86_64-pc-ebbrt/4.8.2/../../../../x86_64-pc-ebbrt/lib/libg.a(lib_a-fputwc.o): In function `_fputwc_r':
/home/dschatz/Work/SESA/toolchain/build-newlib/x86_64-pc-ebbrt/newlib/libc/stdio/../../../../../newlib-2.0.0/newlib/libc/stdio/fputwc.c:166: undefined reference to `ebbrt_newlib_lock_release_recursive'
/home/dschatz/Work/SESA/toolchain/build-newlib/x86_64-pc-ebbrt/newlib/libc/stdio/../../../../../newlib-2.0.0/newlib/libc/stdio/fputwc.c:163: undefined reference to `ebbrt_newlib_lock_acquire_recursive'
collect2: error: ld returned 1 exit status
configure:12005: $? = 1
configure: failed program was:
| /* confdefs.h */
| #define PACKAGE_NAME "gsl"
| #define PACKAGE_TARNAME "gsl"
| #define PACKAGE_VERSION "1.16"
| #define PACKAGE_STRING "gsl 1.16"
| #define PACKAGE_BUGREPORT ""
| #define PACKAGE_URL ""
| #define PACKAGE "gsl"
| #define VERSION "1.16"
| #define RELEASED /**/
| #define STDC_HEADERS 1
| #define HAVE_SYS_TYPES_H 1
| #define HAVE_SYS_STAT_H 1
| #define HAVE_STDLIB_H 1
| #define HAVE_STRING_H 1
| #define HAVE_STRINGS_H 1
| #define HAVE_INTTYPES_H 1
| #define HAVE_STDINT_H 1
| #define HAVE_UNISTD_H 1
| #define LT_OBJDIR ".libs/"
| #define HAVE_INLINE 1
| #define HAVE_IEEEFP_H 1
| /* end confdefs.h.  */
| /* Define vprintf to an innocuous variant, in case <limits.h> declares vprintf.
|    For example, HP-UX 11i <limits.h> declares gettimeofday.  */
| #define vprintf innocuous_vprintf
| 
| /* System header to define __stub macros and hopefully few prototypes,
|     which can conflict with char vprintf (); below.
|     Prefer <limits.h> to <assert.h> if __STDC__ is defined, since
|     <limits.h> exists even on freestanding compilers.  */
| 
| #ifdef __STDC__
| # include <limits.h>
| #else
| # include <assert.h>
| #endif
| 
| #undef vprintf
| 
| /* Override any GCC internal prototype to avoid an error.
|    Use char because int might match the return type of a GCC
|    builtin and then its argument prototype would still apply.  */
| #ifdef __cplusplus
| extern "C"
| #endif
| char vprintf ();
| /* The GNU C library defines this for functions which it implements
|     to always fail with ENOSYS.  Some functions are actually named
|     something starting with __ and the normal name is an alias.  */
| #if defined __stub_vprintf || defined __stub___vprintf
| choke me
| #endif
| 
| int
| main ()
| {
| return vprintf ();
|   ;
|   return 0;
| }
configure:12005: result: no
configure:12023: checking for memcpy
configure:12023: x86_64-pc-ebbrt-gcc -o conftest -g -O2   conftest.c  >&5
conftest.c:47:6: warning: conflicting types for built-in function 'memcpy' [enabled by default]
 char memcpy ();
      ^
configure:12023: $? = 0
configure:12023: result: yes
configure:12036: checking for memmove
configure:12036: x86_64-pc-ebbrt-gcc -o conftest -g -O2   conftest.c  >&5
conftest.c:48:6: warning: conflicting types for built-in function 'memmove' [enabled by default]
 char memmove ();
      ^
configure:12036: $? = 0
configure:12036: result: yes
configure:12049: checking for strdup
configure:12049: x86_64-pc-ebbrt-gcc -o conftest -g -O2   conftest.c  >&5
conftest.c:49:6: warning: conflicting types for built-in function 'strdup' [enabled by default]
 char strdup ();
      ^
/home/handong/github/EbbRT/baremetal/ext/toolchain/bin/../lib/gcc/x86_64-pc-ebbrt/4.8.2/../../../../x86_64-pc-ebbrt/lib/libg.a(lib_a-syscalls.o): In function `open':
/home/dschatz/Work/SESA/toolchain/build-newlib/x86_64-pc-ebbrt/newlib/libc/sys/ebbrt/../../../../../../newlib-2.0.0/newlib/libc/sys/ebbrt/syscalls.c:90: undefined reference to `ebbrt_newlib_open'
/home/handong/github/EbbRT/baremetal/ext/toolchain/bin/../lib/gcc/x86_64-pc-ebbrt/4.8.2/../../../../x86_64-pc-ebbrt/lib/libg.a(lib_a-syscalls.o): In function `_exit':
/home/dschatz/Work/SESA/toolchain/build-newlib/x86_64-pc-ebbrt/newlib/libc/sys/ebbrt/../../../../../../newlib-2.0.0/newlib/libc/sys/ebbrt/syscalls.c:37: undefined reference to `ebbrt_newlib_exit'
/home/handong/github/EbbRT/baremetal/ext/toolchain/bin/../lib/gcc/x86_64-pc-ebbrt/4.8.2/../../../../x86_64-pc-ebbrt/lib/libg.a(lib_a-syscalls.o): In function `execve':
/home/dschatz/Work/SESA/toolchain/build-newlib/x86_64-pc-ebbrt/newlib/libc/sys/ebbrt/../../../../../../newlib-2.0.0/newlib/libc/sys/ebbrt/syscalls.c:42: undefined reference to `ebbrt_newlib_execve'
/home/handong/github/EbbRT/baremetal/ext/toolchain/bin/../lib/gcc/x86_64-pc-ebbrt/4.8.2/../../../../x86_64-pc-ebbrt/lib/libg.a(lib_a-syscalls.o): In function `getpid':
/home/dschatz/Work/SESA/toolchain/build-newlib/x86_64-pc-ebbrt/newlib/libc/sys/ebbrt/../../../../../../newlib-2.0.0/newlib/libc/sys/ebbrt/syscalls.c:47: undefined reference to `ebbrt_newlib_getpid'
/home/handong/github/EbbRT/baremetal/ext/toolchain/bin/../lib/gcc/x86_64-pc-ebbrt/4.8.2/../../../../x86_64-pc-ebbrt/lib/libg.a(lib_a-syscalls.o): In function `fork':
/home/dschatz/Work/SESA/toolchain/build-newlib/x86_64-pc-ebbrt/newlib/libc/sys/ebbrt/../../../../../../newlib-2.0.0/newlib/libc/sys/ebbrt/syscalls.c:52: undefined reference to `ebbrt_newlib_fork'
/home/handong/github/EbbRT/baremetal/ext/toolchain/bin/../lib/gcc/x86_64-pc-ebbrt/4.8.2/../../../../x86_64-pc-ebbrt/lib/libg.a(lib_a-syscalls.o): In function `kill':
/home/dschatz/Work/SESA/toolchain/build-newlib/x86_64-pc-ebbrt/newlib/libc/sys/ebbrt/../../../../../../newlib-2.0.0/newlib/libc/sys/ebbrt/syscalls.c:57: undefined reference to `ebbrt_newlib_kill'
/home/handong/github/EbbRT/baremetal/ext/toolchain/bin/../lib/gcc/x86_64-pc-ebbrt/4.8.2/../../../../x86_64-pc-ebbrt/lib/libg.a(lib_a-syscalls.o): In function `wait':
/home/dschatz/Work/SESA/toolchain/build-newlib/x86_64-pc-ebbrt/newlib/libc/sys/ebbrt/../../../../../../newlib-2.0.0/newlib/libc/sys/ebbrt/syscalls.c:62: undefined reference to `ebbrt_newlib_wait'
/home/handong/github/EbbRT/baremetal/ext/toolchain/bin/../lib/gcc/x86_64-pc-ebbrt/4.8.2/../../../../x86_64-pc-ebbrt/lib/libg.a(lib_a-syscalls.o): In function `isatty':
/home/dschatz/Work/SESA/toolchain/build-newlib/x86_64-pc-ebbrt/newlib/libc/sys/ebbrt/../../../../../../newlib-2.0.0/newlib/libc/sys/ebbrt/syscalls.c:67: undefined reference to `ebbrt_newlib_isatty'
/home/handong/github/EbbRT/baremetal/ext/toolchain/bin/../lib/gcc/x86_64-pc-ebbrt/4.8.2/../../../../x86_64-pc-ebbrt/lib/libg.a(lib_a-syscalls.o): In function `close':
/home/dschatz/Work/SESA/toolchain/build-newlib/x86_64-pc-ebbrt/newlib/libc/sys/ebbrt/../../../../../../newlib-2.0.0/newlib/libc/sys/ebbrt/syscalls.c:72: undefined reference to `ebbrt_newlib_close'
/home/handong/github/EbbRT/baremetal/ext/toolchain/bin/../lib/gcc/x86_64-pc-ebbrt/4.8.2/../../../../x86_64-pc-ebbrt/lib/libg.a(lib_a-syscalls.o): In function `link':
/home/dschatz/Work/SESA/toolchain/build-newlib/x86_64-pc-ebbrt/newlib/libc/sys/ebbrt/../../../../../../newlib-2.0.0/newlib/libc/sys/ebbrt/syscalls.c:77: undefined reference to `ebbrt_newlib_link'
/home/handong/github/EbbRT/baremetal/ext/toolchain/bin/../lib/gcc/x86_64-pc-ebbrt/4.8.2/../../../../x86_64-pc-ebbrt/lib/libg.a(lib_a-syscalls.o): In function `lseek':
/home/dschatz/Work/SESA/toolchain/build-newlib/x86_64-pc-ebbrt/newlib/libc/sys/ebbrt/../../../../../../newlib-2.0.0/newlib/libc/sys/ebbrt/syscalls.c:82: undefined reference to `ebbrt_newlib_lseek'
/home/handong/github/EbbRT/baremetal/ext/toolchain/bin/../lib/gcc/x86_64-pc-ebbrt/4.8.2/../../../../x86_64-pc-ebbrt/lib/libg.a(lib_a-syscalls.o): In function `read':
/home/dschatz/Work/SESA/toolchain/build-newlib/x86_64-pc-ebbrt/newlib/libc/sys/ebbrt/../../../../../../newlib-2.0.0/newlib/libc/sys/ebbrt/syscalls.c:97: undefined reference to `ebbrt_newlib_read'
/home/handong/github/EbbRT/baremetal/ext/toolchain/bin/../lib/gcc/x86_64-pc-ebbrt/4.8.2/../../../../x86_64-pc-ebbrt/lib/libg.a(lib_a-syscalls.o): In function `fstat':
/home/dschatz/Work/SESA/toolchain/build-newlib/x86_64-pc-ebbrt/newlib/libc/sys/ebbrt/../../../../../../newlib-2.0.0/newlib/libc/sys/ebbrt/syscalls.c:102: undefined reference to `ebbrt_newlib_fstat'
/home/handong/github/EbbRT/baremetal/ext/toolchain/bin/../lib/gcc/x86_64-pc-ebbrt/4.8.2/../../../../x86_64-pc-ebbrt/lib/libg.a(lib_a-syscalls.o): In function `stat':
/home/dschatz/Work/SESA/toolchain/build-newlib/x86_64-pc-ebbrt/newlib/libc/sys/ebbrt/../../../../../../newlib-2.0.0/newlib/libc/sys/ebbrt/syscalls.c:107: undefined reference to `ebbrt_newlib_stat'
/home/handong/github/EbbRT/baremetal/ext/toolchain/bin/../lib/gcc/x86_64-pc-ebbrt/4.8.2/../../../../x86_64-pc-ebbrt/lib/libg.a(lib_a-syscalls.o): In function `unlink':
/home/dschatz/Work/SESA/toolchain/build-newlib/x86_64-pc-ebbrt/newlib/libc/sys/ebbrt/../../../../../../newlib-2.0.0/newlib/libc/sys/ebbrt/syscalls.c:112: undefined reference to `ebbrt_newlib_unlink'
/home/handong/github/EbbRT/baremetal/ext/toolchain/bin/../lib/gcc/x86_64-pc-ebbrt/4.8.2/../../../../x86_64-pc-ebbrt/lib/libg.a(lib_a-syscalls.o): In function `write':
/home/dschatz/Work/SESA/toolchain/build-newlib/x86_64-pc-ebbrt/newlib/libc/sys/ebbrt/../../../../../../newlib-2.0.0/newlib/libc/sys/ebbrt/syscalls.c:117: undefined reference to `ebbrt_newlib_write'
/home/handong/github/EbbRT/baremetal/ext/toolchain/bin/../lib/gcc/x86_64-pc-ebbrt/4.8.2/../../../../x86_64-pc-ebbrt/lib/libg.a(lib_a-syscalls.o): In function `malloc':
/home/dschatz/Work/SESA/toolchain/build-newlib/x86_64-pc-ebbrt/newlib/libc/sys/ebbrt/../../../../../../newlib-2.0.0/newlib/libc/sys/ebbrt/syscalls.c:121: undefined reference to `ebbrt_newlib_malloc'
/home/dschatz/Work/SESA/toolchain/build-newlib/x86_64-pc-ebbrt/newlib/libc/sys/ebbrt/../../../../../../newlib-2.0.0/newlib/libc/sys/ebbrt/syscalls.c:121: undefined reference to `ebbrt_newlib_malloc'
/home/handong/github/EbbRT/baremetal/ext/toolchain/bin/../lib/gcc/x86_64-pc-ebbrt/4.8.2/../../../../x86_64-pc-ebbrt/lib/libg.a(lib_a-syscalls.o): In function `free':
/home/dschatz/Work/SESA/toolchain/build-newlib/x86_64-pc-ebbrt/newlib/libc/sys/ebbrt/../../../../../../newlib-2.0.0/newlib/libc/sys/ebbrt/syscalls.c:129: undefined reference to `ebbrt_newlib_free'
/home/dschatz/Work/SESA/toolchain/build-newlib/x86_64-pc-ebbrt/newlib/libc/sys/ebbrt/../../../../../../newlib-2.0.0/newlib/libc/sys/ebbrt/syscalls.c:129: undefined reference to `ebbrt_newlib_free'
/home/handong/github/EbbRT/baremetal/ext/toolchain/bin/../lib/gcc/x86_64-pc-ebbrt/4.8.2/../../../../x86_64-pc-ebbrt/lib/libg.a(lib_a-syscalls.o): In function `realloc':
/home/dschatz/Work/SESA/toolchain/build-newlib/x86_64-pc-ebbrt/newlib/libc/sys/ebbrt/../../../../../../newlib-2.0.0/newlib/libc/sys/ebbrt/syscalls.c:137: undefined reference to `ebbrt_newlib_realloc'
/home/dschatz/Work/SESA/toolchain/build-newlib/x86_64-pc-ebbrt/newlib/libc/sys/ebbrt/../../../../../../newlib-2.0.0/newlib/libc/sys/ebbrt/syscalls.c:137: undefined reference to `ebbrt_newlib_realloc'
/home/handong/github/EbbRT/baremetal/ext/toolchain/bin/../lib/gcc/x86_64-pc-ebbrt/4.8.2/../../../../x86_64-pc-ebbrt/lib/libg.a(lib_a-syscalls.o): In function `calloc':
/home/dschatz/Work/SESA/toolchain/build-newlib/x86_64-pc-ebbrt/newlib/libc/sys/ebbrt/../../../../../../newlib-2.0.0/newlib/libc/sys/ebbrt/syscalls.c:146: undefined reference to `ebbrt_newlib_calloc'
/home/dschatz/Work/SESA/toolchain/build-newlib/x86_64-pc-ebbrt/newlib/libc/sys/ebbrt/../../../../../../newlib-2.0.0/newlib/libc/sys/ebbrt/syscalls.c:146: undefined reference to `ebbrt_newlib_calloc'
/home/handong/github/EbbRT/baremetal/ext/toolchain/bin/../lib/gcc/x86_64-pc-ebbrt/4.8.2/../../../../x86_64-pc-ebbrt/lib/libg.a(lib_a-syscalls.o): In function `memalign':
/home/dschatz/Work/SESA/toolchain/build-newlib/x86_64-pc-ebbrt/newlib/libc/sys/ebbrt/../../../../../../newlib-2.0.0/newlib/libc/sys/ebbrt/syscalls.c:155: undefined reference to `ebbrt_newlib_memalign'
/home/dschatz/Work/SESA/toolchain/build-newlib/x86_64-pc-ebbrt/newlib/libc/sys/ebbrt/../../../../../../newlib-2.0.0/newlib/libc/sys/ebbrt/syscalls.c:155: undefined reference to `ebbrt_newlib_memalign'
/home/handong/github/EbbRT/baremetal/ext/toolchain/bin/../lib/gcc/x86_64-pc-ebbrt/4.8.2/../../../../x86_64-pc-ebbrt/lib/libg.a(lib_a-syscalls.o): In function `gettimeofday':
/home/dschatz/Work/SESA/toolchain/build-newlib/x86_64-pc-ebbrt/newlib/libc/sys/ebbrt/../../../../../../newlib-2.0.0/newlib/libc/sys/ebbrt/syscalls.c:165: undefined reference to `ebbrt_newlib_gettimeofday'
collect2: error: ld returned 1 exit status
configure:12049: $? = 1
configure: failed program was:
| /* confdefs.h */
| #define PACKAGE_NAME "gsl"
| #define PACKAGE_TARNAME "gsl"
| #define PACKAGE_VERSION "1.16"
| #define PACKAGE_STRING "gsl 1.16"
| #define PACKAGE_BUGREPORT ""
| #define PACKAGE_URL ""
| #define PACKAGE "gsl"
| #define VERSION "1.16"
| #define RELEASED /**/
| #define STDC_HEADERS 1
| #define HAVE_SYS_TYPES_H 1
| #define HAVE_SYS_STAT_H 1
| #define HAVE_STDLIB_H 1
| #define HAVE_STRING_H 1
| #define HAVE_STRINGS_H 1
| #define HAVE_INTTYPES_H 1
| #define HAVE_STDINT_H 1
| #define HAVE_UNISTD_H 1
| #define LT_OBJDIR ".libs/"
| #define HAVE_INLINE 1
| #define HAVE_IEEEFP_H 1
| #define HAVE_MEMCPY 1
| #define HAVE_MEMMOVE 1
| /* end confdefs.h.  */
| /* Define strdup to an innocuous variant, in case <limits.h> declares strdup.
|    For example, HP-UX 11i <limits.h> declares gettimeofday.  */
| #define strdup innocuous_strdup
| 
| /* System header to define __stub macros and hopefully few prototypes,
|     which can conflict with char strdup (); below.
|     Prefer <limits.h> to <assert.h> if __STDC__ is defined, since
|     <limits.h> exists even on freestanding compilers.  */
| 
| #ifdef __STDC__
| # include <limits.h>
| #else
| # include <assert.h>
| #endif
| 
| #undef strdup
| 
| /* Override any GCC internal prototype to avoid an error.
|    Use char because int might match the return type of a GCC
|    builtin and then its argument prototype would still apply.  */
| #ifdef __cplusplus
| extern "C"
| #endif
| char strdup ();
| /* The GNU C library defines this for functions which it implements
|     to always fail with ENOSYS.  Some functions are actually named
|     something starting with __ and the normal name is an alias.  */
| #if defined __stub_strdup || defined __stub___strdup
| choke me
| #endif
| 
| int
| main ()
| {
| return strdup ();
|   ;
|   return 0;
| }
configure:12049: result: no
configure:12062: checking for strtol
configure:12062: x86_64-pc-ebbrt-gcc -o conftest -g -O2   conftest.c  >&5
configure:12062: $? = 0
configure:12062: result: yes
configure:12075: checking for strtoul
configure:12075: x86_64-pc-ebbrt-gcc -o conftest -g -O2   conftest.c  >&5
configure:12075: $? = 0
configure:12075: result: yes
configure:12090: checking for EXIT_SUCCESS and EXIT_FAILURE
configure:12114: result: yes
configure:12125: checking for cos in -lm
configure:12159: result: yes
configure:12172: checking whether feenableexcept is declared
configure:12172: x86_64-pc-ebbrt-gcc -c -g -O2  conftest.c >&5
conftest.c:31:18: fatal error: fenv.h: No such file or directory
 #include <fenv.h>
                  ^
compilation terminated.
configure:12172: $? = 1
configure: failed program was:
| /* confdefs.h */
| #define PACKAGE_NAME "gsl"
| #define PACKAGE_TARNAME "gsl"
| #define PACKAGE_VERSION "1.16"
| #define PACKAGE_STRING "gsl 1.16"
| #define PACKAGE_BUGREPORT ""
| #define PACKAGE_URL ""
| #define PACKAGE "gsl"
| #define VERSION "1.16"
| #define RELEASED /**/
| #define STDC_HEADERS 1
| #define HAVE_SYS_TYPES_H 1
| #define HAVE_SYS_STAT_H 1
| #define HAVE_STDLIB_H 1
| #define HAVE_STRING_H 1
| #define HAVE_STRINGS_H 1
| #define HAVE_INTTYPES_H 1
| #define HAVE_STDINT_H 1
| #define HAVE_UNISTD_H 1
| #define LT_OBJDIR ".libs/"
| #define HAVE_INLINE 1
| #define HAVE_IEEEFP_H 1
| #define HAVE_MEMCPY 1
| #define HAVE_MEMMOVE 1
| #define HAVE_STRTOL 1
| #define HAVE_STRTOUL 1
| #define HAVE_EXIT_SUCCESS_AND_FAILURE 1
| #define HAVE_LIBM 1
| /* end confdefs.h.  */
| #define _GNU_SOURCE 1
| #include <fenv.h>
| 
| int
| main ()
| {
| #ifndef feenableexcept
| #ifdef __cplusplus
|   (void) feenableexcept;
| #else
|   (void) feenableexcept;
| #endif
| #endif
| 
|   ;
|   return 0;
| }
configure:12172: result: no
configure:12185: checking whether fesettrapenable is declared
configure:12185: x86_64-pc-ebbrt-gcc -c -g -O2  conftest.c >&5
conftest.c:32:18: fatal error: fenv.h: No such file or directory
 #include <fenv.h>
                  ^
compilation terminated.
configure:12185: $? = 1
configure: failed program was:
| /* confdefs.h */
| #define PACKAGE_NAME "gsl"
| #define PACKAGE_TARNAME "gsl"
| #define PACKAGE_VERSION "1.16"
| #define PACKAGE_STRING "gsl 1.16"
| #define PACKAGE_BUGREPORT ""
| #define PACKAGE_URL ""
| #define PACKAGE "gsl"
| #define VERSION "1.16"
| #define RELEASED /**/
| #define STDC_HEADERS 1
| #define HAVE_SYS_TYPES_H 1
| #define HAVE_SYS_STAT_H 1
| #define HAVE_STDLIB_H 1
| #define HAVE_STRING_H 1
| #define HAVE_STRINGS_H 1
| #define HAVE_INTTYPES_H 1
| #define HAVE_STDINT_H 1
| #define HAVE_UNISTD_H 1
| #define LT_OBJDIR ".libs/"
| #define HAVE_INLINE 1
| #define HAVE_IEEEFP_H 1
| #define HAVE_MEMCPY 1
| #define HAVE_MEMMOVE 1
| #define HAVE_STRTOL 1
| #define HAVE_STRTOUL 1
| #define HAVE_EXIT_SUCCESS_AND_FAILURE 1
| #define HAVE_LIBM 1
| #define HAVE_DECL_FEENABLEEXCEPT 0
| /* end confdefs.h.  */
| #define _GNU_SOURCE 1
| #include <fenv.h>
| 
| int
| main ()
| {
| #ifndef fesettrapenable
| #ifdef __cplusplus
|   (void) fesettrapenable;
| #else
|   (void) fesettrapenable;
| #endif
| #endif
| 
|   ;
|   return 0;
| }
configure:12185: result: no
configure:12198: checking whether hypot is declared
configure:12198: x86_64-pc-ebbrt-gcc -c -g -O2  conftest.c >&5
configure:12198: $? = 0
configure:12198: result: yes
configure:12210: checking whether expm1 is declared
configure:12210: x86_64-pc-ebbrt-gcc -c -g -O2  conftest.c >&5
configure:12210: $? = 0
configure:12210: result: yes
configure:12222: checking whether acosh is declared
configure:12222: x86_64-pc-ebbrt-gcc -c -g -O2  conftest.c >&5
configure:12222: $? = 0
configure:12222: result: yes
configure:12234: checking whether asinh is declared
configure:12234: x86_64-pc-ebbrt-gcc -c -g -O2  conftest.c >&5
configure:12234: $? = 0
configure:12234: result: yes
configure:12246: checking whether atanh is declared
configure:12246: x86_64-pc-ebbrt-gcc -c -g -O2  conftest.c >&5
configure:12246: $? = 0
configure:12246: result: yes
configure:12258: checking whether ldexp is declared
configure:12258: x86_64-pc-ebbrt-gcc -c -g -O2  conftest.c >&5
configure:12258: $? = 0
configure:12258: result: yes
configure:12270: checking whether frexp is declared
configure:12270: x86_64-pc-ebbrt-gcc -c -g -O2  conftest.c >&5
configure:12270: $? = 0
configure:12270: result: yes
configure:12282: checking whether fprnd_t is declared
configure:12282: x86_64-pc-ebbrt-gcc -c -g -O2  conftest.c >&5
conftest.c: In function 'main':
conftest.c:48:10: error: 'fprnd_t' undeclared (first use in this function)
   (void) fprnd_t;
          ^
conftest.c:48:10: note: each undeclared identifier is reported only once for each function it appears in
configure:12282: $? = 1
configure: failed program was:
| /* confdefs.h */
| #define PACKAGE_NAME "gsl"
| #define PACKAGE_TARNAME "gsl"
| #define PACKAGE_VERSION "1.16"
| #define PACKAGE_STRING "gsl 1.16"
| #define PACKAGE_BUGREPORT ""
| #define PACKAGE_URL ""
| #define PACKAGE "gsl"
| #define VERSION "1.16"
| #define RELEASED /**/
| #define STDC_HEADERS 1
| #define HAVE_SYS_TYPES_H 1
| #define HAVE_SYS_STAT_H 1
| #define HAVE_STDLIB_H 1
| #define HAVE_STRING_H 1
| #define HAVE_STRINGS_H 1
| #define HAVE_INTTYPES_H 1
| #define HAVE_STDINT_H 1
| #define HAVE_UNISTD_H 1
| #define LT_OBJDIR ".libs/"
| #define HAVE_INLINE 1
| #define HAVE_IEEEFP_H 1
| #define HAVE_MEMCPY 1
| #define HAVE_MEMMOVE 1
| #define HAVE_STRTOL 1
| #define HAVE_STRTOUL 1
| #define HAVE_EXIT_SUCCESS_AND_FAILURE 1
| #define HAVE_LIBM 1
| #define HAVE_DECL_FEENABLEEXCEPT 0
| #define HAVE_DECL_FESETTRAPENABLE 0
| #define HAVE_DECL_HYPOT 1
| #define HAVE_DECL_EXPM1 1
| #define HAVE_DECL_ACOSH 1
| #define HAVE_DECL_ASINH 1
| #define HAVE_DECL_ATANH 1
| #define HAVE_DECL_LDEXP 1
| #define HAVE_DECL_FREXP 1
| /* end confdefs.h.  */
| #include <float.h>
| 
| int
| main ()
| {
| #ifndef fprnd_t
| #ifdef __cplusplus
|   (void) fprnd_t;
| #else
|   (void) fprnd_t;
| #endif
| #endif
| 
|   ;
|   return 0;
| }
configure:12282: result: no
configure:12294: checking whether isinf is declared
configure:12294: x86_64-pc-ebbrt-gcc -c -g -O2  conftest.c >&5
configure:12294: $? = 0
configure:12294: result: yes
configure:12306: checking whether isfinite is declared
configure:12306: x86_64-pc-ebbrt-gcc -c -g -O2  conftest.c >&5
configure:12306: $? = 0
configure:12306: result: yes
configure:12318: checking whether finite is declared
configure:12318: x86_64-pc-ebbrt-gcc -c -g -O2  conftest.c >&5
configure:12318: $? = 0
configure:12318: result: yes
configure:12333: checking whether isnan is declared
configure:12333: x86_64-pc-ebbrt-gcc -c -g -O2  conftest.c >&5
configure:12333: $? = 0
configure:12333: result: yes
configure:12352: checking whether log1p is declared
configure:12352: x86_64-pc-ebbrt-gcc -c -g -O2  conftest.c >&5
configure:12352: $? = 0
configure:12352: result: yes
configure:12367: checking for long double stdio
configure:12398: result: no
configure:12407: checking for extended floating point registers
configure:12440: result: yes
configure:12449: checking for IEEE arithmetic interface type
configure:12512: result: unknown
configure:12642: checking for IEEE compiler flags
configure:12681: result: none
configure:12690: checking for IEEE comparisons
configure:12722: result: yes
configure:12731: checking for IEEE denormalized values
configure:12764: result: yes
configure:12902: checking that generated files are newer than configure
configure:12908: result: done
configure:12939: creating ./config.status

## ---------------------- ##
## Running config.status. ##
## ---------------------- ##

This file was extended by gsl config.status 1.16, which was
generated by GNU Autoconf 2.69.  Invocation command line was

  CONFIG_FILES    = 
  CONFIG_HEADERS  = 
  CONFIG_LINKS    = 
  CONFIG_COMMANDS = 
  $ ./config.status 

on don

config.status:1184: creating gsl_version.h
config.status:1184: creating gsl.spec
config.status:1184: creating gsl/Makefile
config.status:1184: creating test/Makefile
config.status:1184: creating err/Makefile
config.status:1184: creating sys/Makefile
config.status:1184: creating utils/Makefile
config.status:1184: creating const/Makefile
config.status:1184: creating min/Makefile
config.status:1184: creating multimin/Makefile
config.status:1184: creating ieee-utils/Makefile
config.status:1184: creating fft/Makefile
config.status:1184: creating specfunc/Makefile
config.status:1184: creating dht/Makefile
config.status:1184: creating fit/Makefile
config.status:1184: creating multifit/Makefile
config.status:1184: creating bspline/Makefile
config.status:1184: creating statistics/Makefile
config.status:1184: creating sum/Makefile
config.status:1184: creating roots/Makefile
config.status:1184: creating multiroots/Makefile
config.status:1184: creating ntuple/Makefile
config.status:1184: creating poly/Makefile
config.status:1184: creating qrng/Makefile
config.status:1184: creating rng/Makefile
config.status:1184: creating randist/Makefile
config.status:1184: creating siman/Makefile
config.status:1184: creating integration/Makefile
config.status:1184: creating interpolation/Makefile
config.status:1184: creating doc/Makefile
config.status:1184: creating block/Makefile
config.status:1184: creating vector/Makefile
config.status:1184: creating matrix/Makefile
config.status:1184: creating histogram/Makefile
config.status:1184: creating monte/Makefile
config.status:1184: creating ode-initval/Makefile
config.status:1184: creating ode-initval2/Makefile
config.status:1184: creating cblas/Makefile
config.status:1184: creating blas/Makefile
config.status:1184: creating linalg/Makefile
config.status:1184: creating eigen/Makefile
config.status:1184: creating permutation/Makefile
config.status:1184: creating combination/Makefile
config.status:1184: creating multiset/Makefile
config.status:1184: creating sort/Makefile
config.status:1184: creating complex/Makefile
config.status:1184: creating diff/Makefile
config.status:1184: creating deriv/Makefile
config.status:1184: creating cheb/Makefile
config.status:1184: creating cdf/Makefile
config.status:1184: creating wavelet/Makefile
config.status:1184: creating Makefile
config.status:1184: creating config.h
config.status:1413: executing depfiles commands
config.status:1413: executing libtool commands

## ---------------- ##
## Cache variables. ##
## ---------------- ##

ac_cv_build=x86_64-unknown-linux-gnu
ac_cv_c_char_unsigned=no
ac_cv_c_compiler_gnu=yes
ac_cv_c_extended_fp=yes
ac_cv_c_extern_inline=yes
ac_cv_c_ieee_comparisons=yes
ac_cv_c_ieee_denormals=yes
ac_cv_c_ieee_flags=none
ac_cv_c_ieee_interface=unknown
ac_cv_c_inline=inline
ac_cv_c_volatile=yes
ac_cv_decl_exit_success_and_failure=yes
ac_cv_env_CC_set=set
ac_cv_env_CC_value=x86_64-pc-ebbrt-gcc
ac_cv_env_CFLAGS_set=
ac_cv_env_CFLAGS_value=
ac_cv_env_CPPFLAGS_set=
ac_cv_env_CPPFLAGS_value=
ac_cv_env_CPP_set=
ac_cv_env_CPP_value=
ac_cv_env_LDFLAGS_set=
ac_cv_env_LDFLAGS_value=
ac_cv_env_LIBS_set=
ac_cv_env_LIBS_value=
ac_cv_env_build_alias_set=
ac_cv_env_build_alias_value=
ac_cv_env_host_alias_set=set
ac_cv_env_host_alias_value=x86_64-pc-ebbrt
ac_cv_env_target_alias_set=
ac_cv_env_target_alias_value=
ac_cv_func_memcpy=yes
ac_cv_func_memmove=yes
ac_cv_func_printf_longdouble=no
ac_cv_func_strdup=no
ac_cv_func_strtol=yes
ac_cv_func_strtoul=yes
ac_cv_func_vprintf=no
ac_cv_have_decl_acosh=yes
ac_cv_have_decl_asinh=yes
ac_cv_have_decl_atanh=yes
ac_cv_have_decl_expm1=yes
ac_cv_have_decl_feenableexcept=no
ac_cv_have_decl_fesettrapenable=no
ac_cv_have_decl_finite=yes
ac_cv_have_decl_fprnd_t=no
ac_cv_have_decl_frexp=yes
ac_cv_have_decl_hypot=yes
ac_cv_have_decl_isfinite=yes
ac_cv_have_decl_isinf=yes
ac_cv_have_decl_isnan=yes
ac_cv_have_decl_ldexp=yes
ac_cv_have_decl_log1p=yes
ac_cv_header_dlfcn_h=no
ac_cv_header_ieeefp_h=yes
ac_cv_header_inttypes_h=yes
ac_cv_header_memory_h=no
ac_cv_header_stdc=yes
ac_cv_header_stdint_h=yes
ac_cv_header_stdlib_h=yes
ac_cv_header_string_h=yes
ac_cv_header_strings_h=yes
ac_cv_header_sys_stat_h=yes
ac_cv_header_sys_types_h=yes
ac_cv_header_unistd_h=yes
ac_cv_host=x86_64-pc-ebbrt
ac_cv_lib_m_cos=yes
ac_cv_objext=o
ac_cv_path_EGREP='/bin/grep -E'
ac_cv_path_FGREP='/bin/grep -F'
ac_cv_path_GREP=/bin/grep
ac_cv_path_SED=/bin/sed
ac_cv_path_install='/usr/bin/install -c'
ac_cv_path_mkdir=/bin/mkdir
ac_cv_prog_AR=x86_64-pc-ebbrt-ar
ac_cv_prog_AWK=mawk
ac_cv_prog_CC=x86_64-pc-ebbrt-gcc
ac_cv_prog_CPP='x86_64-pc-ebbrt-gcc -E'
ac_cv_prog_OBJDUMP=x86_64-pc-ebbrt-objdump
ac_cv_prog_RANLIB=x86_64-pc-ebbrt-ranlib
ac_cv_prog_STRIP=x86_64-pc-ebbrt-strip
ac_cv_prog_ac_ct_MANIFEST_TOOL=mt
ac_cv_prog_cc_c89=
ac_cv_prog_cc_g=yes
ac_cv_prog_make_make_set=yes
ac_cv_type_size_t=yes
am_cv_CC_dependencies_compiler_type=none
am_cv_make_support_nested_variables=yes
lt_cv_ar_at_file=@
lt_cv_deplibs_check_method=unknown
lt_cv_file_magic_cmd='$MAGIC_CMD'
lt_cv_file_magic_test_file=
lt_cv_ld_reload_flag=-r
lt_cv_nm_interface='BSD nm'
lt_cv_objdir=.libs
lt_cv_path_LD=/home/handong/github/EbbRT/baremetal/ext/toolchain/x86_64-pc-ebbrt/bin/ld
lt_cv_path_NM='/home/handong/github/EbbRT/baremetal/ext/toolchain/bin/x86_64-pc-ebbrt-nm -B'
lt_cv_path_mainfest_tool=no
lt_cv_prog_compiler_c_o=yes
lt_cv_prog_compiler_pic='-fPIC -DPIC'
lt_cv_prog_compiler_pic_works=yes
lt_cv_prog_compiler_rtti_exceptions=no
lt_cv_prog_compiler_static_works=yes
lt_cv_prog_gnu_ld=yes
lt_cv_sharedlib_from_linklib_cmd='printf %s\n'
lt_cv_sys_global_symbol_pipe='sed -n -e '\''s/^.*[	 ]\([ABCDGIRSTW][ABCDGIRSTW]*\)[	 ][	 ]*\([_A-Za-z][_A-Za-z0-9]*\)$/\1 \2 \2/p'\'' | sed '\''/ __gnu_lto/d'\'''
lt_cv_sys_global_symbol_to_c_name_address='sed -n -e '\''s/^: \([^ ]*\)[ ]*$/  {\"\1\", (void *) 0},/p'\'' -e '\''s/^[ABCDGIRSTW]* \([^ ]*\) \([^ ]*\)$/  {"\2", (void *) \&\2},/p'\'''
lt_cv_sys_global_symbol_to_c_name_address_lib_prefix='sed -n -e '\''s/^: \([^ ]*\)[ ]*$/  {\"\1\", (void *) 0},/p'\'' -e '\''s/^[ABCDGIRSTW]* \([^ ]*\) \(lib[^ ]*\)$/  {"\2", (void *) \&\2},/p'\'' -e '\''s/^[ABCDGIRSTW]* \([^ ]*\) \([^ ]*\)$/  {"lib\2", (void *) \&\2},/p'\'''
lt_cv_sys_global_symbol_to_cdecl='sed -n -e '\''s/^T .* \(.*\)$/extern int \1();/p'\'' -e '\''s/^[ABCDGIRSTW]* .* \(.*\)$/extern char \1;/p'\'''
lt_cv_sys_max_cmd_len=1572864
lt_cv_to_host_file_cmd=func_convert_file_noop
lt_cv_to_tool_file_cmd=func_convert_file_noop

## ----------------- ##
## Output variables. ##
## ----------------- ##

ACLOCAL='${SHELL} /home/handong/github/EbbRT-libgsl/missing aclocal-1.13'
AMDEPBACKSLASH=''
AMDEP_FALSE=''
AMDEP_TRUE='#'
AMTAR='$${TAR-tar}'
AM_BACKSLASH='\'
AM_DEFAULT_V='$(AM_DEFAULT_VERBOSITY)'
AM_DEFAULT_VERBOSITY='1'
AM_V='$(V)'
AR='x86_64-pc-ebbrt-ar'
AUTOCONF='${SHELL} /home/handong/github/EbbRT-libgsl/missing autoconf'
AUTOHEADER='${SHELL} /home/handong/github/EbbRT-libgsl/missing autoheader'
AUTOMAKE='${SHELL} /home/handong/github/EbbRT-libgsl/missing automake-1.13'
AWK='mawk'
CC='x86_64-pc-ebbrt-gcc'
CCDEPMODE='depmode=none'
CFLAGS='-g -O2'
CPP='x86_64-pc-ebbrt-gcc -E'
CPPFLAGS=''
CYGPATH_W='echo'
DEFS='-DHAVE_CONFIG_H'
DEPDIR='.deps'
DLLTOOL='false'
DSYMUTIL=''
DUMPBIN=''
ECHO_C=''
ECHO_N='-n'
ECHO_T=''
EGREP='/bin/grep -E'
EXEEXT=''
FGREP='/bin/grep -F'
GREP='/bin/grep'
GSL_CFLAGS='-I${prefix}/include'
GSL_LIBM='-lm'
GSL_LIBS='-L${exec_prefix}/lib -lgsl'
GSL_LT_CBLAS_VERSION='0:0:0'
GSL_LT_VERSION='17:0:17'
GSL_MAJOR_VERSION='1'
GSL_MINOR_VERSION='16'
HAVE_AIX_IEEE_INTERFACE=''
HAVE_DARWIN86_IEEE_INTERFACE=''
HAVE_DARWIN_IEEE_INTERFACE=''
HAVE_FREEBSD_IEEE_INTERFACE=''
HAVE_GNUM68K_IEEE_INTERFACE=''
HAVE_GNUPPC_IEEE_INTERFACE=''
HAVE_GNUSPARC_IEEE_INTERFACE=''
HAVE_GNUX86_IEEE_INTERFACE=''
HAVE_HPUX11_IEEE_INTERFACE=''
HAVE_HPUX_IEEE_INTERFACE=''
HAVE_IRIX_IEEE_INTERFACE=''
HAVE_NETBSD_IEEE_INTERFACE=''
HAVE_OPENBSD_IEEE_INTERFACE=''
HAVE_OS2EMX_IEEE_INTERFACE=''
HAVE_SOLARIS_IEEE_INTERFACE=''
HAVE_SUNOS4_IEEE_INTERFACE=''
HAVE_TRU64_IEEE_INTERFACE=''
INSTALL_DATA='${INSTALL} -m 644'
INSTALL_PROGRAM='${INSTALL}'
INSTALL_SCRIPT='${INSTALL}'
INSTALL_STRIP_PROGRAM='$(install_sh) -c -s'
LD='/home/handong/github/EbbRT/baremetal/ext/toolchain/x86_64-pc-ebbrt/bin/ld'
LDFLAGS=''
LIBM='-lm'
LIBOBJS=' ${LIBOBJDIR}strdup$U.o'
LIBS='-lm '
LIBTOOL='$(SHELL) $(top_builddir)/libtool'
LIPO=''
LN_S='ln -s'
LTLIBOBJS=' ${LIBOBJDIR}strdup$U.lo'
MAINT='#'
MAINTAINER_MODE_FALSE=''
MAINTAINER_MODE_TRUE='#'
MAKEINFO='${SHELL} /home/handong/github/EbbRT-libgsl/missing makeinfo'
MANIFEST_TOOL=':'
MINGW32_HOST_FALSE=''
MINGW32_HOST_TRUE='#'
MKDIR_P='/bin/mkdir -p'
NM='/home/handong/github/EbbRT/baremetal/ext/toolchain/bin/x86_64-pc-ebbrt-nm -B'
NMEDIT=''
OBJDUMP='x86_64-pc-ebbrt-objdump'
OBJEXT='o'
OTOOL64=''
OTOOL=''
PACKAGE='gsl'
PACKAGE_BUGREPORT=''
PACKAGE_NAME='gsl'
PACKAGE_STRING='gsl 1.16'
PACKAGE_TARNAME='gsl'
PACKAGE_URL=''
PACKAGE_VERSION='1.16'
PATH_SEPARATOR=':'
RANLIB='x86_64-pc-ebbrt-ranlib'
SED='/bin/sed'
SET_MAKE=''
SHELL='/bin/bash'
STRIP='x86_64-pc-ebbrt-strip'
VERSION='1.16'
ac_ct_AR=''
ac_ct_CC=''
ac_ct_DUMPBIN=''
am__EXEEXT_FALSE=''
am__EXEEXT_TRUE='#'
am__fastdepCC_FALSE=''
am__fastdepCC_TRUE='#'
am__include='include'
am__isrc=''
am__leading_dot='.'
am__nodep=''
am__quote=''
am__tar='$${TAR-tar} chof - "$$tardir"'
am__untar='$${TAR-tar} xf -'
bindir='${exec_prefix}/bin'
build='x86_64-unknown-linux-gnu'
build_alias=''
build_cpu='x86_64'
build_os='linux-gnu'
build_vendor='unknown'
datadir='${datarootdir}'
datarootdir='${prefix}/share'
docdir='${datarootdir}/doc/${PACKAGE_TARNAME}'
dvidir='${docdir}'
exec_prefix='${prefix}'
host='x86_64-pc-ebbrt'
host_alias='x86_64-pc-ebbrt'
host_cpu='x86_64'
host_os='ebbrt'
host_vendor='pc'
htmldir='${docdir}'
includedir='${prefix}/include'
infodir='${datarootdir}/info'
install_sh='${SHELL} /home/handong/github/EbbRT-libgsl/install-sh'
libdir='${exec_prefix}/lib'
libexecdir='${exec_prefix}/libexec'
localedir='${datarootdir}/locale'
localstatedir='${prefix}/var'
mandir='${datarootdir}/man'
mkdir_p='$(MKDIR_P)'
oldincludedir='/usr/include'
pdfdir='${docdir}'
prefix='/usr/local'
program_transform_name='s,x,x,'
psdir='${docdir}'
sbindir='${exec_prefix}/sbin'
sharedstatedir='${prefix}/com'
sysconfdir='${prefix}/etc'
target_alias=''

## ----------- ##
## confdefs.h. ##
## ----------- ##

/* confdefs.h */
#define PACKAGE_NAME "gsl"
#define PACKAGE_TARNAME "gsl"
#define PACKAGE_VERSION "1.16"
#define PACKAGE_STRING "gsl 1.16"
#define PACKAGE_BUGREPORT ""
#define PACKAGE_URL ""
#define PACKAGE "gsl"
#define VERSION "1.16"
#define RELEASED /**/
#define STDC_HEADERS 1
#define HAVE_SYS_TYPES_H 1
#define HAVE_SYS_STAT_H 1
#define HAVE_STDLIB_H 1
#define HAVE_STRING_H 1
#define HAVE_STRINGS_H 1
#define HAVE_INTTYPES_H 1
#define HAVE_STDINT_H 1
#define HAVE_UNISTD_H 1
#define LT_OBJDIR ".libs/"
#define HAVE_INLINE 1
#define HAVE_IEEEFP_H 1
#define HAVE_MEMCPY 1
#define HAVE_MEMMOVE 1
#define HAVE_STRTOL 1
#define HAVE_STRTOUL 1
#define HAVE_EXIT_SUCCESS_AND_FAILURE 1
#define HAVE_LIBM 1
#define HAVE_DECL_FEENABLEEXCEPT 0
#define HAVE_DECL_FESETTRAPENABLE 0
#define HAVE_DECL_HYPOT 1
#define HAVE_DECL_EXPM1 1
#define HAVE_DECL_ACOSH 1
#define HAVE_DECL_ASINH 1
#define HAVE_DECL_ATANH 1
#define HAVE_DECL_LDEXP 1
#define HAVE_DECL_FREXP 1
#define HAVE_DECL_FPRND_T 0
#define HAVE_DECL_ISINF 1
#define HAVE_DECL_ISFINITE 1
#define HAVE_DECL_FINITE 1
#define HAVE_DECL_ISNAN 1
#define HAVE_DECL_LOG1P 1
#define HAVE_EXTENDED_PRECISION_REGISTERS 1
#define HAVE_UNKNOWN_IEEE_INTERFACE 1
#define HAVE_IEEE_COMPARISONS 1
#define HAVE_IEEE_DENORMALS 1

configure: exit 0
